<?xml version="1.0" encoding="UTF-8"?>
<coverage generated="1549679643471" clover="3.2.0">
  <project timestamp="1549679643471" name="All files">
    <metrics statements="276" coveredstatements="83" conditionals="129" coveredconditionals="2" methods="117" coveredmethods="3" elements="522" coveredelements="88" complexity="0" loc="276" ncloc="276" packages="5" files="19" classes="19">
      <package name="spades">
        <metrics statements="3" coveredstatements="0" conditionals="0" coveredconditionals="0" methods="1" coveredmethods="0"/>
        <file name="index.js" path="/Users/dominicsherman/github/spades/index.js">
          <metrics statements="3" coveredstatements="0" conditionals="0" coveredconditionals="0" methods="1" coveredmethods="0"/>
          <line num="1" count="0" type="stmt"/>
          <line num="2" count="0" type="stmt"/>
          <line num="3" count="0" type="stmt"/>
        </file>
      </package>
      <package name="spades.src">
        <metrics statements="12" coveredstatements="6" conditionals="2" coveredconditionals="0" methods="4" coveredmethods="1"/>
        <file name="App.js" path="/Users/dominicsherman/github/spades/src/App.js">
          <metrics statements="6" coveredstatements="6" conditionals="0" coveredconditionals="0" methods="1" coveredmethods="1"/>
          <line num="14" count="1" type="stmt"/>
          <line num="17" count="1" type="stmt"/>
          <line num="22" count="1" type="stmt"/>
          <line num="23" count="1" type="stmt"/>
          <line num="24" count="1" type="stmt"/>
          <line num="28" count="2" type="stmt"/>
        </file>
        <file name="Home.js" path="/Users/dominicsherman/github/spades/src/Home.js">
          <metrics statements="6" coveredstatements="0" conditionals="2" coveredconditionals="0" methods="3" coveredmethods="0"/>
          <line num="16" count="0" type="cond" truecount="0" falsecount="2"/>
          <line num="17" count="0" type="stmt"/>
          <line num="21" count="0" type="stmt"/>
          <line num="45" count="0" type="stmt"/>
          <line num="46" count="0" type="stmt"/>
          <line num="48" count="0" type="stmt"/>
        </file>
      </package>
      <package name="spades.src.components">
        <metrics statements="62" coveredstatements="0" conditionals="14" coveredconditionals="0" methods="39" coveredmethods="0"/>
        <file name="CurrentBids.js" path="/Users/dominicsherman/github/spades/src/components/CurrentBids.js">
          <metrics statements="10" coveredstatements="0" conditionals="8" coveredconditionals="0" methods="5" coveredmethods="0"/>
          <line num="7" count="0" type="cond" truecount="0" falsecount="2"/>
          <line num="18" count="0" type="stmt"/>
          <line num="20" count="0" type="cond" truecount="0" falsecount="2"/>
          <line num="22" count="0" type="cond" truecount="0" falsecount="2"/>
          <line num="23" count="0" type="stmt"/>
          <line num="26" count="0" type="stmt"/>
          <line num="29" count="0" type="stmt"/>
          <line num="68" count="0" type="stmt"/>
          <line num="69" count="0" type="stmt"/>
          <line num="71" count="0" type="stmt"/>
        </file>
        <file name="CurrentRound.js" path="/Users/dominicsherman/github/spades/src/components/CurrentRound.js">
          <metrics statements="18" coveredstatements="0" conditionals="0" coveredconditionals="0" methods="15" coveredmethods="0"/>
          <line num="9" count="0" type="stmt"/>
          <line num="11" count="0" type="stmt"/>
          <line num="19" count="0" type="stmt"/>
          <line num="50" count="0" type="stmt"/>
          <line num="51" count="0" type="stmt"/>
          <line num="53" count="0" type="stmt"/>
          <line num="58" count="0" type="stmt"/>
          <line num="64" count="0" type="stmt"/>
          <line num="67" count="0" type="stmt"/>
          <line num="74" count="0" type="stmt"/>
          <line num="80" count="0" type="stmt"/>
          <line num="83" count="0" type="stmt"/>
          <line num="94" count="0" type="stmt"/>
          <line num="100" count="0" type="stmt"/>
          <line num="103" count="0" type="stmt"/>
          <line num="110" count="0" type="stmt"/>
          <line num="116" count="0" type="stmt"/>
          <line num="119" count="0" type="stmt"/>
        </file>
        <file name="Footer.js" path="/Users/dominicsherman/github/spades/src/components/Footer.js">
          <metrics statements="5" coveredstatements="0" conditionals="2" coveredconditionals="0" methods="2" coveredmethods="0"/>
          <line num="20" count="0" type="stmt"/>
          <line num="82" count="0" type="stmt"/>
          <line num="83" count="0" type="cond" truecount="0" falsecount="2"/>
          <line num="84" count="0" type="stmt"/>
          <line num="86" count="0" type="stmt"/>
        </file>
        <file name="Header.js" path="/Users/dominicsherman/github/spades/src/components/Header.js">
          <metrics statements="4" coveredstatements="0" conditionals="0" coveredconditionals="0" methods="2" coveredmethods="0"/>
          <line num="10" count="0" type="stmt"/>
          <line num="35" count="0" type="stmt"/>
          <line num="36" count="0" type="stmt"/>
          <line num="38" count="0" type="stmt"/>
        </file>
        <file name="Players.js" path="/Users/dominicsherman/github/spades/src/components/Players.js">
          <metrics statements="8" coveredstatements="0" conditionals="0" coveredconditionals="0" methods="6" coveredmethods="0"/>
          <line num="16" count="0" type="stmt"/>
          <line num="58" count="0" type="stmt"/>
          <line num="59" count="0" type="stmt"/>
          <line num="61" count="0" type="stmt"/>
          <line num="81" count="0" type="stmt"/>
          <line num="90" count="0" type="stmt"/>
          <line num="115" count="0" type="stmt"/>
          <line num="124" count="0" type="stmt"/>
        </file>
        <file name="RestartButton.js" path="/Users/dominicsherman/github/spades/src/components/RestartButton.js">
          <metrics statements="4" coveredstatements="0" conditionals="0" coveredconditionals="0" methods="2" coveredmethods="0"/>
          <line num="8" count="0" type="stmt"/>
          <line num="28" count="0" type="stmt"/>
          <line num="29" count="0" type="stmt"/>
          <line num="31" count="0" type="stmt"/>
        </file>
        <file name="ShowHistoryButton.js" path="/Users/dominicsherman/github/spades/src/components/ShowHistoryButton.js">
          <metrics statements="4" coveredstatements="0" conditionals="0" coveredconditionals="0" methods="2" coveredmethods="0"/>
          <line num="10" count="0" type="stmt"/>
          <line num="43" count="0" type="stmt"/>
          <line num="44" count="0" type="stmt"/>
          <line num="46" count="0" type="stmt"/>
        </file>
        <file name="SingleRound.js" path="/Users/dominicsherman/github/spades/src/components/SingleRound.js">
          <metrics statements="4" coveredstatements="0" conditionals="4" coveredconditionals="0" methods="2" coveredmethods="0"/>
          <line num="7" count="0" type="stmt"/>
          <line num="48" count="0" type="stmt"/>
          <line num="49" count="0" type="stmt"/>
          <line num="51" count="0" type="stmt"/>
        </file>
        <file name="UndoButton.js" path="/Users/dominicsherman/github/spades/src/components/UndoButton.js">
          <metrics statements="5" coveredstatements="0" conditionals="0" coveredconditionals="0" methods="3" coveredmethods="0"/>
          <line num="7" count="0" type="stmt"/>
          <line num="35" count="0" type="stmt"/>
          <line num="36" count="0" type="stmt"/>
          <line num="38" count="0" type="stmt"/>
          <line num="40" count="0" type="stmt"/>
        </file>
      </package>
      <package name="spades.src.modals">
        <metrics statements="21" coveredstatements="0" conditionals="6" coveredconditionals="0" methods="16" coveredmethods="0"/>
        <file name="HistoryModal.js" path="/Users/dominicsherman/github/spades/src/modals/HistoryModal.js">
          <metrics statements="6" coveredstatements="0" conditionals="0" coveredconditionals="0" methods="4" coveredmethods="0"/>
          <line num="9" count="0" type="stmt"/>
          <line num="27" count="0" type="stmt"/>
          <line num="28" count="0" type="stmt"/>
          <line num="30" count="0" type="stmt"/>
          <line num="52" count="0" type="stmt"/>
          <line num="54" count="0" type="stmt"/>
        </file>
        <file name="InstructionsModal.js" path="/Users/dominicsherman/github/spades/src/modals/InstructionsModal.js">
          <metrics statements="3" coveredstatements="0" conditionals="0" coveredconditionals="0" methods="2" coveredmethods="0"/>
          <line num="9" count="0" type="stmt"/>
          <line num="36" count="0" type="stmt"/>
          <line num="38" count="0" type="stmt"/>
        </file>
        <file name="SettingsModal.js" path="/Users/dominicsherman/github/spades/src/modals/SettingsModal.js">
          <metrics statements="12" coveredstatements="0" conditionals="6" coveredconditionals="0" methods="10" coveredmethods="0"/>
          <line num="12" count="0" type="stmt"/>
          <line num="78" count="0" type="cond" truecount="0" falsecount="2"/>
          <line num="80" count="0" type="cond" truecount="0" falsecount="2"/>
          <line num="83" count="0" type="stmt"/>
          <line num="84" count="0" type="stmt"/>
          <line num="86" count="0" type="stmt"/>
          <line num="109" count="0" type="cond" truecount="0" falsecount="2"/>
          <line num="118" count="0" type="stmt"/>
          <line num="128" count="0" type="stmt"/>
          <line num="138" count="0" type="stmt"/>
          <line num="148" count="0" type="stmt"/>
          <line num="158" count="0" type="stmt"/>
        </file>
      </package>
      <package name="spades.src.redux">
        <metrics statements="178" coveredstatements="77" conditionals="107" coveredconditionals="2" methods="57" coveredmethods="2"/>
        <file name="action-creators.js" path="/Users/dominicsherman/github/spades/src/redux/action-creators.js">
          <metrics statements="112" coveredstatements="14" conditionals="104" coveredconditionals="0" methods="24" coveredmethods="0"/>
          <line num="25" count="1" type="stmt"/>
          <line num="26" count="0" type="stmt"/>
          <line num="27" count="0" type="stmt"/>
          <line num="28" count="0" type="stmt"/>
          <line num="29" count="0" type="stmt"/>
          <line num="31" count="0" type="stmt"/>
          <line num="32" count="0" type="stmt"/>
          <line num="34" count="0" type="cond" truecount="0" falsecount="4"/>
          <line num="35" count="0" type="cond" truecount="0" falsecount="6"/>
          <line num="36" count="0" type="stmt"/>
          <line num="37" count="0" type="cond" truecount="0" falsecount="6"/>
          <line num="38" count="0" type="stmt"/>
          <line num="41" count="0" type="cond" truecount="0" falsecount="6"/>
          <line num="42" count="0" type="stmt"/>
          <line num="43" count="0" type="cond" truecount="0" falsecount="6"/>
          <line num="44" count="0" type="stmt"/>
          <line num="47" count="0" type="cond" truecount="0" falsecount="6"/>
          <line num="48" count="0" type="stmt"/>
          <line num="49" count="0" type="cond" truecount="0" falsecount="6"/>
          <line num="50" count="0" type="stmt"/>
          <line num="53" count="0" type="cond" truecount="0" falsecount="6"/>
          <line num="54" count="0" type="stmt"/>
          <line num="55" count="0" type="cond" truecount="0" falsecount="6"/>
          <line num="56" count="0" type="stmt"/>
          <line num="59" count="0" type="cond" truecount="0" falsecount="2"/>
          <line num="60" count="0" type="stmt"/>
          <line num="61" count="0" type="stmt"/>
          <line num="63" count="0" type="cond" truecount="0" falsecount="4"/>
          <line num="64" count="0" type="stmt"/>
          <line num="67" count="0" type="stmt"/>
          <line num="69" count="0" type="cond" truecount="0" falsecount="2"/>
          <line num="70" count="0" type="stmt"/>
          <line num="74" count="0" type="cond" truecount="0" falsecount="2"/>
          <line num="75" count="0" type="stmt"/>
          <line num="76" count="0" type="stmt"/>
          <line num="78" count="0" type="cond" truecount="0" falsecount="4"/>
          <line num="79" count="0" type="stmt"/>
          <line num="82" count="0" type="stmt"/>
          <line num="84" count="0" type="cond" truecount="0" falsecount="2"/>
          <line num="85" count="0" type="stmt"/>
          <line num="89" count="0" type="cond" truecount="0" falsecount="2"/>
          <line num="90" count="0" type="stmt"/>
          <line num="91" count="0" type="stmt"/>
          <line num="94" count="0" type="cond" truecount="0" falsecount="2"/>
          <line num="95" count="0" type="stmt"/>
          <line num="96" count="0" type="stmt"/>
          <line num="101" count="0" type="stmt"/>
          <line num="108" count="1" type="stmt"/>
          <line num="114" count="0" type="stmt"/>
          <line num="116" count="0" type="stmt"/>
          <line num="121" count="0" type="stmt"/>
          <line num="126" count="0" type="stmt"/>
          <line num="131" count="0" type="stmt"/>
          <line num="137" count="1" type="stmt"/>
          <line num="138" count="0" type="stmt"/>
          <line num="139" count="0" type="stmt"/>
          <line num="141" count="0" type="cond" truecount="0" falsecount="4"/>
          <line num="142" count="0" type="stmt"/>
          <line num="145" count="0" type="cond" truecount="0" falsecount="4"/>
          <line num="146" count="0" type="stmt"/>
          <line num="149" count="0" type="stmt"/>
          <line num="155" count="0" type="stmt"/>
          <line num="160" count="0" type="stmt"/>
          <line num="164" count="0" type="stmt"/>
          <line num="170" count="1" type="stmt"/>
          <line num="171" count="0" type="stmt"/>
          <line num="172" count="0" type="stmt"/>
          <line num="174" count="0" type="cond" truecount="0" falsecount="2"/>
          <line num="175" count="0" type="stmt"/>
          <line num="177" count="0" type="stmt"/>
          <line num="202" count="0" type="stmt"/>
          <line num="204" count="0" type="stmt"/>
          <line num="209" count="0" type="stmt"/>
          <line num="213" count="0" type="stmt"/>
          <line num="220" count="1" type="stmt"/>
          <line num="221" count="0" type="stmt"/>
          <line num="223" count="0" type="cond" truecount="0" falsecount="2"/>
          <line num="224" count="0" type="stmt"/>
          <line num="226" count="0" type="stmt"/>
          <line num="230" count="1" type="stmt"/>
          <line num="231" count="0" type="cond" truecount="0" falsecount="2"/>
          <line num="232" count="0" type="stmt"/>
          <line num="236" count="0" type="cond" truecount="0" falsecount="2"/>
          <line num="237" count="0" type="stmt"/>
          <line num="241" count="0" type="cond" truecount="0" falsecount="2"/>
          <line num="242" count="0" type="stmt"/>
          <line num="246" count="0" type="cond" truecount="0" falsecount="2"/>
          <line num="247" count="0" type="stmt"/>
          <line num="254" count="1" type="stmt"/>
          <line num="255" count="0" type="cond" truecount="0" falsecount="2"/>
          <line num="256" count="0" type="stmt"/>
          <line num="260" count="0" type="cond" truecount="0" falsecount="2"/>
          <line num="261" count="0" type="stmt"/>
          <line num="265" count="0" type="cond" truecount="0" falsecount="2"/>
          <line num="266" count="0" type="stmt"/>
          <line num="270" count="0" type="cond" truecount="0" falsecount="2"/>
          <line num="271" count="0" type="stmt"/>
          <line num="278" count="1" type="stmt"/>
          <line num="284" count="0" type="stmt"/>
          <line num="290" count="1" type="stmt"/>
          <line num="291" count="0" type="stmt"/>
          <line num="293" count="0" type="cond" truecount="0" falsecount="2"/>
          <line num="294" count="0" type="cond" truecount="0" falsecount="2"/>
          <line num="295" count="0" type="stmt"/>
          <line num="296" count="0" type="stmt"/>
          <line num="301" count="0" type="stmt"/>
          <line num="302" count="0" type="stmt"/>
          <line num="310" count="1" type="stmt"/>
          <line num="314" count="1" type="stmt"/>
          <line num="318" count="1" type="stmt"/>
          <line num="322" count="1" type="stmt"/>
          <line num="327" count="1" type="stmt"/>
        </file>
        <file name="action-types.js" path="/Users/dominicsherman/github/spades/src/redux/action-types.js">
          <metrics statements="28" coveredstatements="28" conditionals="0" coveredconditionals="0" methods="0" coveredmethods="0"/>
          <line num="1" count="1" type="stmt"/>
          <line num="2" count="1" type="stmt"/>
          <line num="3" count="1" type="stmt"/>
          <line num="4" count="1" type="stmt"/>
          <line num="5" count="1" type="stmt"/>
          <line num="6" count="1" type="stmt"/>
          <line num="7" count="1" type="stmt"/>
          <line num="8" count="1" type="stmt"/>
          <line num="9" count="1" type="stmt"/>
          <line num="10" count="1" type="stmt"/>
          <line num="11" count="1" type="stmt"/>
          <line num="12" count="1" type="stmt"/>
          <line num="13" count="1" type="stmt"/>
          <line num="14" count="1" type="stmt"/>
          <line num="15" count="1" type="stmt"/>
          <line num="16" count="1" type="stmt"/>
          <line num="17" count="1" type="stmt"/>
          <line num="18" count="1" type="stmt"/>
          <line num="19" count="1" type="stmt"/>
          <line num="20" count="1" type="stmt"/>
          <line num="21" count="1" type="stmt"/>
          <line num="22" count="1" type="stmt"/>
          <line num="23" count="1" type="stmt"/>
          <line num="24" count="1" type="stmt"/>
          <line num="25" count="1" type="stmt"/>
          <line num="26" count="1" type="stmt"/>
          <line num="27" count="1" type="stmt"/>
          <line num="28" count="1" type="stmt"/>
        </file>
        <file name="reducer.js" path="/Users/dominicsherman/github/spades/src/redux/reducer.js">
          <metrics statements="33" coveredstatements="32" conditionals="3" coveredconditionals="2" methods="29" coveredmethods="1"/>
          <line num="34" count="1" type="stmt"/>
          <line num="66" count="1" type="stmt"/>
          <line num="71" count="1" type="stmt"/>
          <line num="91" count="1" type="stmt"/>
          <line num="96" count="1" type="stmt"/>
          <line num="106" count="1" type="stmt"/>
          <line num="114" count="1" type="stmt"/>
          <line num="122" count="1" type="stmt"/>
          <line num="130" count="1" type="stmt"/>
          <line num="138" count="1" type="stmt"/>
          <line num="146" count="1" type="stmt"/>
          <line num="154" count="1" type="stmt"/>
          <line num="162" count="1" type="stmt"/>
          <line num="170" count="1" type="stmt"/>
          <line num="178" count="1" type="stmt"/>
          <line num="186" count="1" type="stmt"/>
          <line num="194" count="1" type="stmt"/>
          <line num="202" count="1" type="stmt"/>
          <line num="210" count="1" type="stmt"/>
          <line num="218" count="1" type="stmt"/>
          <line num="226" count="1" type="stmt"/>
          <line num="234" count="1" type="stmt"/>
          <line num="245" count="1" type="stmt"/>
          <line num="276" count="1" type="stmt"/>
          <line num="281" count="1" type="stmt"/>
          <line num="286" count="1" type="stmt"/>
          <line num="291" count="1" type="stmt"/>
          <line num="293" count="1" type="stmt"/>
          <line num="301" count="1" type="stmt"/>
          <line num="309" count="1" type="stmt"/>
          <line num="341" count="2" type="cond" truecount="1" falsecount="1"/>
          <line num="342" count="0" type="stmt"/>
          <line num="345" count="2" type="stmt"/>
        </file>
        <file name="redux-factory.js" path="/Users/dominicsherman/github/spades/src/redux/redux-factory.js">
          <metrics statements="5" coveredstatements="3" conditionals="0" coveredconditionals="0" methods="4" coveredmethods="1"/>
          <line num="7" count="1" type="stmt"/>
          <line num="9" count="1" type="stmt"/>
          <line num="11" count="1" type="stmt"/>
          <line num="13" count="0" type="stmt"/>
          <line num="15" count="0" type="stmt"/>
        </file>
      </package>
    </metrics>
  </project>
</coverage>
