{"/Users/dominicsherman/github/spades/index.js": {"path":"/Users/dominicsherman/github/spades/index.js","statementMap":{"0":{"start":{"line":1,"column":0},"end":{"line":null,"column":-1}},"1":{"start":{"line":2,"column":0},"end":{"line":null,"column":-1}},"2":{"start":{"line":3,"column":0},"end":{"line":null,"column":-1}},"3":{"start":{"line":3,"column":40},"end":{"line":3,"column":-1}}},"fnMap":{"0":{"name":"(anonymous_1)","decl":{"start":{"line":3,"column":40},"end":{"line":3,"column":45}},"loc":{"start":{"line":3,"column":40},"end":{"line":3,"column":0}}}},"branchMap":{},"s":{"0":0,"1":0,"2":0,"3":0},"f":{"0":0},"b":{}}
,"/Users/dominicsherman/github/spades/src/App.js": {"path":"/Users/dominicsherman/github/spades/src/App.js","statementMap":{"0":{"start":{"line":14,"column":0},"end":{"line":14,"column":32}},"1":{"start":{"line":17,"column":22},"end":{"line":20,"column":1}},"2":{"start":{"line":22,"column":25},"end":{"line":22,"column":63}},"3":{"start":{"line":23,"column":14},"end":{"line":23,"column":67}},"4":{"start":{"line":24,"column":18},"end":{"line":24,"column":37}},"5":{"start":{"line":28,"column":8},"end":{"line":37,"column":10}}},"fnMap":{"0":{"name":"(anonymous_0)","decl":{"start":{"line":27,"column":4},"end":{"line":27,"column":5}},"loc":{"start":{"line":27,"column":13},"end":{"line":38,"column":5}},"line":27}},"branchMap":{},"s":{"0":1,"1":1,"2":1,"3":1,"4":1,"5":2},"f":{"0":2},"b":{},"_coverageSchema":"332fd63041d2c1bcb487cc26dd0d5f7d97098a6c","hash":"c34874095252f69c20067a292d4fe5337312193c"}
,"/Users/dominicsherman/github/spades/src/Home.js": {"path":"/Users/dominicsherman/github/spades/src/Home.js","statementMap":{"0":{"start":{"line":16,"column":8},"end":{"line":18,"column":9}},"1":{"start":{"line":17,"column":12},"end":{"line":17,"column":69}},"2":{"start":{"line":21,"column":23},"end":{"line":31,"column":6}},"3":{"start":{"line":45,"column":12},"end":{"line":45,"column":22}},"4":{"start":{"line":46,"column":23},"end":{"line":46,"column":40}},"5":{"start":{"line":48,"column":8},"end":{"line":95,"column":10}}},"fnMap":{"0":{"name":"(anonymous_0)","decl":{"start":{"line":15,"column":4},"end":{"line":15,"column":5}},"loc":{"start":{"line":15,"column":34},"end":{"line":19,"column":5}},"line":15},"1":{"name":"(anonymous_1)","decl":{"start":{"line":21,"column":17},"end":{"line":21,"column":18}},"loc":{"start":{"line":21,"column":23},"end":{"line":31,"column":6}},"line":21},"2":{"name":"(anonymous_2)","decl":{"start":{"line":33,"column":4},"end":{"line":33,"column":5}},"loc":{"start":{"line":33,"column":13},"end":{"line":96,"column":5}},"line":33}},"branchMap":{"0":{"loc":{"start":{"line":16,"column":8},"end":{"line":18,"column":9}},"type":"if","locations":[{"start":{"line":16,"column":8},"end":{"line":18,"column":9}},{"start":{"line":16,"column":8},"end":{"line":18,"column":9}}],"line":16}},"s":{"0":0,"1":0,"2":0,"3":0,"4":0,"5":0},"f":{"0":0,"1":0,"2":0},"b":{"0":[0,0]},"_coverageSchema":"332fd63041d2c1bcb487cc26dd0d5f7d97098a6c","hash":"03090675130953284642298bc48dbfc5d584e0cd"}
,"/Users/dominicsherman/github/spades/src/components/CurrentBids.js": {"path":"/Users/dominicsherman/github/spades/src/components/CurrentBids.js","statementMap":{"0":{"start":{"line":7,"column":31},"end":{"line":7,"column":78}},"1":{"start":{"line":18,"column":12},"end":{"line":18,"column":22}},"2":{"start":{"line":20,"column":23},"end":{"line":20,"column":87}},"3":{"start":{"line":20,"column":38},"end":{"line":20,"column":87}},"4":{"start":{"line":22,"column":8},"end":{"line":24,"column":9}},"5":{"start":{"line":23,"column":12},"end":{"line":23,"column":58}},"6":{"start":{"line":26,"column":8},"end":{"line":26,"column":104}},"7":{"start":{"line":29,"column":23},"end":{"line":61,"column":6}},"8":{"start":{"line":68,"column":12},"end":{"line":68,"column":22}},"9":{"start":{"line":69,"column":23},"end":{"line":69,"column":40}},"10":{"start":{"line":71,"column":8},"end":{"line":143,"column":10}}},"fnMap":{"0":{"name":"(anonymous_0)","decl":{"start":{"line":7,"column":25},"end":{"line":7,"column":26}},"loc":{"start":{"line":7,"column":31},"end":{"line":7,"column":78}},"line":7},"1":{"name":"(anonymous_1)","decl":{"start":{"line":9,"column":14},"end":{"line":9,"column":15}},"loc":{"start":{"line":9,"column":20},"end":{"line":27,"column":5}},"line":9},"2":{"name":"(anonymous_2)","decl":{"start":{"line":20,"column":23},"end":{"line":20,"column":24}},"loc":{"start":{"line":20,"column":38},"end":{"line":20,"column":87}},"line":20},"3":{"name":"(anonymous_3)","decl":{"start":{"line":29,"column":17},"end":{"line":29,"column":18}},"loc":{"start":{"line":29,"column":23},"end":{"line":61,"column":6}},"line":29},"4":{"name":"(anonymous_4)","decl":{"start":{"line":63,"column":4},"end":{"line":63,"column":5}},"loc":{"start":{"line":63,"column":13},"end":{"line":144,"column":5}},"line":63}},"branchMap":{"0":{"loc":{"start":{"line":7,"column":31},"end":{"line":7,"column":78}},"type":"binary-expr","locations":[{"start":{"line":7,"column":31},"end":{"line":7,"column":46}},{"start":{"line":7,"column":50},"end":{"line":7,"column":78}}],"line":7},"1":{"loc":{"start":{"line":20,"column":38},"end":{"line":20,"column":87}},"type":"cond-expr","locations":[{"start":{"line":20,"column":66},"end":{"line":20,"column":67}},{"start":{"line":20,"column":70},"end":{"line":20,"column":87}}],"line":20},"2":{"loc":{"start":{"line":22,"column":8},"end":{"line":24,"column":9}},"type":"if","locations":[{"start":{"line":22,"column":8},"end":{"line":24,"column":9}},{"start":{"line":22,"column":8},"end":{"line":24,"column":9}}],"line":22},"3":{"loc":{"start":{"line":83,"column":24},"end":{"line":139,"column":31}},"type":"binary-expr","locations":[{"start":{"line":83,"column":24},"end":{"line":83,"column":49}},{"start":{"line":84,"column":24},"end":{"line":139,"column":31}}],"line":83}},"s":{"0":0,"1":0,"2":0,"3":0,"4":0,"5":0,"6":0,"7":0,"8":0,"9":0,"10":0},"f":{"0":0,"1":0,"2":0,"3":0,"4":0},"b":{"0":[0,0],"1":[0,0],"2":[0,0],"3":[0,0]},"_coverageSchema":"332fd63041d2c1bcb487cc26dd0d5f7d97098a6c","hash":"24628a88d2551fa6e0f8543834673963c10f0186"}
,"/Users/dominicsherman/github/spades/src/components/CurrentRound.js": {"path":"/Users/dominicsherman/github/spades/src/components/CurrentRound.js","statementMap":{"0":{"start":{"line":9,"column":8},"end":{"line":9,"column":21}},"1":{"start":{"line":11,"column":8},"end":{"line":16,"column":10}},"2":{"start":{"line":19,"column":23},"end":{"line":47,"column":6}},"3":{"start":{"line":50,"column":37},"end":{"line":50,"column":47}},"4":{"start":{"line":51,"column":23},"end":{"line":51,"column":40}},"5":{"start":{"line":53,"column":8},"end":{"line":128,"column":10}},"6":{"start":{"line":58,"column":43},"end":{"line":58,"column":74}},"7":{"start":{"line":64,"column":55},"end":{"line":64,"column":84}},"8":{"start":{"line":67,"column":36},"end":{"line":67,"column":68}},"9":{"start":{"line":74,"column":43},"end":{"line":74,"column":74}},"10":{"start":{"line":80,"column":55},"end":{"line":80,"column":84}},"11":{"start":{"line":83,"column":36},"end":{"line":83,"column":68}},"12":{"start":{"line":94,"column":43},"end":{"line":94,"column":74}},"13":{"start":{"line":100,"column":55},"end":{"line":100,"column":86}},"14":{"start":{"line":103,"column":36},"end":{"line":103,"column":68}},"15":{"start":{"line":110,"column":43},"end":{"line":110,"column":74}},"16":{"start":{"line":116,"column":55},"end":{"line":116,"column":85}},"17":{"start":{"line":119,"column":36},"end":{"line":119,"column":68}}},"fnMap":{"0":{"name":"(anonymous_0)","decl":{"start":{"line":8,"column":4},"end":{"line":8,"column":5}},"loc":{"start":{"line":8,"column":23},"end":{"line":17,"column":5}},"line":8},"1":{"name":"(anonymous_1)","decl":{"start":{"line":19,"column":17},"end":{"line":19,"column":18}},"loc":{"start":{"line":19,"column":23},"end":{"line":47,"column":6}},"line":19},"2":{"name":"(anonymous_2)","decl":{"start":{"line":49,"column":4},"end":{"line":49,"column":5}},"loc":{"start":{"line":49,"column":13},"end":{"line":129,"column":5}},"line":49},"3":{"name":"(anonymous_3)","decl":{"start":{"line":58,"column":37},"end":{"line":58,"column":38}},"loc":{"start":{"line":58,"column":43},"end":{"line":58,"column":74}},"line":58},"4":{"name":"(anonymous_4)","decl":{"start":{"line":64,"column":46},"end":{"line":64,"column":47}},"loc":{"start":{"line":64,"column":55},"end":{"line":64,"column":84}},"line":64},"5":{"name":"(anonymous_5)","decl":{"start":{"line":66,"column":37},"end":{"line":66,"column":38}},"loc":{"start":{"line":66,"column":48},"end":{"line":68,"column":33}},"line":66},"6":{"name":"(anonymous_6)","decl":{"start":{"line":74,"column":37},"end":{"line":74,"column":38}},"loc":{"start":{"line":74,"column":43},"end":{"line":74,"column":74}},"line":74},"7":{"name":"(anonymous_7)","decl":{"start":{"line":80,"column":46},"end":{"line":80,"column":47}},"loc":{"start":{"line":80,"column":55},"end":{"line":80,"column":84}},"line":80},"8":{"name":"(anonymous_8)","decl":{"start":{"line":82,"column":37},"end":{"line":82,"column":38}},"loc":{"start":{"line":82,"column":48},"end":{"line":84,"column":33}},"line":82},"9":{"name":"(anonymous_9)","decl":{"start":{"line":94,"column":37},"end":{"line":94,"column":38}},"loc":{"start":{"line":94,"column":43},"end":{"line":94,"column":74}},"line":94},"10":{"name":"(anonymous_10)","decl":{"start":{"line":100,"column":46},"end":{"line":100,"column":47}},"loc":{"start":{"line":100,"column":55},"end":{"line":100,"column":86}},"line":100},"11":{"name":"(anonymous_11)","decl":{"start":{"line":102,"column":37},"end":{"line":102,"column":38}},"loc":{"start":{"line":102,"column":48},"end":{"line":104,"column":33}},"line":102},"12":{"name":"(anonymous_12)","decl":{"start":{"line":110,"column":37},"end":{"line":110,"column":38}},"loc":{"start":{"line":110,"column":43},"end":{"line":110,"column":74}},"line":110},"13":{"name":"(anonymous_13)","decl":{"start":{"line":116,"column":46},"end":{"line":116,"column":47}},"loc":{"start":{"line":116,"column":55},"end":{"line":116,"column":85}},"line":116},"14":{"name":"(anonymous_14)","decl":{"start":{"line":118,"column":37},"end":{"line":118,"column":38}},"loc":{"start":{"line":118,"column":48},"end":{"line":120,"column":33}},"line":118}},"branchMap":{},"s":{"0":0,"1":0,"2":0,"3":0,"4":0,"5":0,"6":0,"7":0,"8":0,"9":0,"10":0,"11":0,"12":0,"13":0,"14":0,"15":0,"16":0,"17":0},"f":{"0":0,"1":0,"2":0,"3":0,"4":0,"5":0,"6":0,"7":0,"8":0,"9":0,"10":0,"11":0,"12":0,"13":0,"14":0},"b":{},"_coverageSchema":"332fd63041d2c1bcb487cc26dd0d5f7d97098a6c","hash":"770eeab10e8c5b37b853aae8d0050e77df12e345"}
,"/Users/dominicsherman/github/spades/src/components/Footer.js": {"path":"/Users/dominicsherman/github/spades/src/components/Footer.js","statementMap":{"0":{"start":{"line":20,"column":23},"end":{"line":79,"column":6}},"1":{"start":{"line":82,"column":75},"end":{"line":82,"column":85}},"2":{"start":{"line":83,"column":27},"end":{"line":83,"column":68}},"3":{"start":{"line":84,"column":23},"end":{"line":84,"column":40}},"4":{"start":{"line":86,"column":8},"end":{"line":147,"column":10}}},"fnMap":{"0":{"name":"(anonymous_0)","decl":{"start":{"line":20,"column":17},"end":{"line":20,"column":18}},"loc":{"start":{"line":20,"column":23},"end":{"line":79,"column":6}},"line":20},"1":{"name":"(anonymous_1)","decl":{"start":{"line":81,"column":4},"end":{"line":81,"column":5}},"loc":{"start":{"line":81,"column":13},"end":{"line":148,"column":5}},"line":81}},"branchMap":{"0":{"loc":{"start":{"line":83,"column":27},"end":{"line":83,"column":68}},"type":"cond-expr","locations":[{"start":{"line":83,"column":36},"end":{"line":83,"column":49}},{"start":{"line":83,"column":52},"end":{"line":83,"column":68}}],"line":83}},"s":{"0":0,"1":0,"2":0,"3":0,"4":0},"f":{"0":0,"1":0},"b":{"0":[0,0]},"_coverageSchema":"332fd63041d2c1bcb487cc26dd0d5f7d97098a6c","hash":"ba742e6b8e27493f863fde4027ebc7f31af02b98"}
,"/Users/dominicsherman/github/spades/src/components/Header.js": {"path":"/Users/dominicsherman/github/spades/src/components/Header.js","statementMap":{"0":{"start":{"line":10,"column":23},"end":{"line":32,"column":6}},"1":{"start":{"line":35,"column":41},"end":{"line":35,"column":51}},"2":{"start":{"line":36,"column":23},"end":{"line":36,"column":40}},"3":{"start":{"line":38,"column":8},"end":{"line":57,"column":10}}},"fnMap":{"0":{"name":"(anonymous_0)","decl":{"start":{"line":10,"column":17},"end":{"line":10,"column":18}},"loc":{"start":{"line":10,"column":23},"end":{"line":32,"column":6}},"line":10},"1":{"name":"(anonymous_1)","decl":{"start":{"line":34,"column":4},"end":{"line":34,"column":5}},"loc":{"start":{"line":34,"column":13},"end":{"line":58,"column":5}},"line":34}},"branchMap":{},"s":{"0":0,"1":0,"2":0,"3":0},"f":{"0":0,"1":0},"b":{},"_coverageSchema":"332fd63041d2c1bcb487cc26dd0d5f7d97098a6c","hash":"b2d8320e9ff8a151867cf223d06be23cd128a7a9"}
,"/Users/dominicsherman/github/spades/src/components/Players.js": {"path":"/Users/dominicsherman/github/spades/src/components/Players.js","statementMap":{"0":{"start":{"line":16,"column":23},"end":{"line":55,"column":6}},"1":{"start":{"line":58,"column":47},"end":{"line":58,"column":57}},"2":{"start":{"line":59,"column":23},"end":{"line":59,"column":40}},"3":{"start":{"line":61,"column":8},"end":{"line":134,"column":10}},"4":{"start":{"line":81,"column":60},"end":{"line":81,"column":86}},"5":{"start":{"line":90,"column":60},"end":{"line":90,"column":86}},"6":{"start":{"line":115,"column":60},"end":{"line":115,"column":88}},"7":{"start":{"line":124,"column":60},"end":{"line":124,"column":87}}},"fnMap":{"0":{"name":"(anonymous_0)","decl":{"start":{"line":16,"column":17},"end":{"line":16,"column":18}},"loc":{"start":{"line":16,"column":23},"end":{"line":55,"column":6}},"line":16},"1":{"name":"(anonymous_1)","decl":{"start":{"line":57,"column":4},"end":{"line":57,"column":5}},"loc":{"start":{"line":57,"column":13},"end":{"line":135,"column":5}},"line":57},"2":{"name":"(anonymous_2)","decl":{"start":{"line":81,"column":50},"end":{"line":81,"column":51}},"loc":{"start":{"line":81,"column":60},"end":{"line":81,"column":86}},"line":81},"3":{"name":"(anonymous_3)","decl":{"start":{"line":90,"column":50},"end":{"line":90,"column":51}},"loc":{"start":{"line":90,"column":60},"end":{"line":90,"column":86}},"line":90},"4":{"name":"(anonymous_4)","decl":{"start":{"line":115,"column":50},"end":{"line":115,"column":51}},"loc":{"start":{"line":115,"column":60},"end":{"line":115,"column":88}},"line":115},"5":{"name":"(anonymous_5)","decl":{"start":{"line":124,"column":50},"end":{"line":124,"column":51}},"loc":{"start":{"line":124,"column":60},"end":{"line":124,"column":87}},"line":124}},"branchMap":{},"s":{"0":0,"1":0,"2":0,"3":0,"4":0,"5":0,"6":0,"7":0},"f":{"0":0,"1":0,"2":0,"3":0,"4":0,"5":0},"b":{},"_coverageSchema":"332fd63041d2c1bcb487cc26dd0d5f7d97098a6c","hash":"fb58dfa4c5b8b572b18a46b4049beedaca91afe5"}
,"/Users/dominicsherman/github/spades/src/components/RestartButton.js": {"path":"/Users/dominicsherman/github/spades/src/components/RestartButton.js","statementMap":{"0":{"start":{"line":8,"column":23},"end":{"line":25,"column":6}},"1":{"start":{"line":28,"column":33},"end":{"line":28,"column":43}},"2":{"start":{"line":29,"column":23},"end":{"line":29,"column":40}},"3":{"start":{"line":31,"column":8},"end":{"line":45,"column":10}}},"fnMap":{"0":{"name":"(anonymous_0)","decl":{"start":{"line":8,"column":17},"end":{"line":8,"column":18}},"loc":{"start":{"line":8,"column":23},"end":{"line":25,"column":6}},"line":8},"1":{"name":"(anonymous_1)","decl":{"start":{"line":27,"column":4},"end":{"line":27,"column":5}},"loc":{"start":{"line":27,"column":13},"end":{"line":46,"column":5}},"line":27}},"branchMap":{},"s":{"0":0,"1":0,"2":0,"3":0},"f":{"0":0,"1":0},"b":{},"_coverageSchema":"332fd63041d2c1bcb487cc26dd0d5f7d97098a6c","hash":"995722794a5993fa9cf558d40e3b5118b69eb959"}
,"/Users/dominicsherman/github/spades/src/components/ShowHistoryButton.js": {"path":"/Users/dominicsherman/github/spades/src/components/ShowHistoryButton.js","statementMap":{"0":{"start":{"line":10,"column":23},"end":{"line":40,"column":6}},"1":{"start":{"line":43,"column":54},"end":{"line":43,"column":64}},"2":{"start":{"line":44,"column":23},"end":{"line":44,"column":40}},"3":{"start":{"line":46,"column":8},"end":{"line":61,"column":10}}},"fnMap":{"0":{"name":"(anonymous_0)","decl":{"start":{"line":10,"column":17},"end":{"line":10,"column":18}},"loc":{"start":{"line":10,"column":23},"end":{"line":40,"column":6}},"line":10},"1":{"name":"(anonymous_1)","decl":{"start":{"line":42,"column":4},"end":{"line":42,"column":5}},"loc":{"start":{"line":42,"column":13},"end":{"line":62,"column":5}},"line":42}},"branchMap":{},"s":{"0":0,"1":0,"2":0,"3":0},"f":{"0":0,"1":0},"b":{},"_coverageSchema":"332fd63041d2c1bcb487cc26dd0d5f7d97098a6c","hash":"a9cce00044c68d581a0049e8fff835a3347e8cb2"}
,"/Users/dominicsherman/github/spades/src/components/SingleRound.js": {"path":"/Users/dominicsherman/github/spades/src/components/SingleRound.js","statementMap":{"0":{"start":{"line":7,"column":23},"end":{"line":39,"column":6}},"1":{"start":{"line":48,"column":12},"end":{"line":48,"column":27}},"2":{"start":{"line":49,"column":23},"end":{"line":49,"column":40}},"3":{"start":{"line":51,"column":8},"end":{"line":96,"column":10}}},"fnMap":{"0":{"name":"(anonymous_0)","decl":{"start":{"line":7,"column":17},"end":{"line":7,"column":18}},"loc":{"start":{"line":7,"column":23},"end":{"line":39,"column":6}},"line":7},"1":{"name":"(anonymous_1)","decl":{"start":{"line":41,"column":4},"end":{"line":41,"column":5}},"loc":{"start":{"line":41,"column":13},"end":{"line":97,"column":5}},"line":41}},"branchMap":{"0":{"loc":{"start":{"line":53,"column":17},"end":{"line":79,"column":24}},"type":"cond-expr","locations":[{"start":{"line":54,"column":20},"end":{"line":77,"column":27}},{"start":{"line":79,"column":20},"end":{"line":79,"column":24}}],"line":53},"1":{"loc":{"start":{"line":53,"column":17},"end":{"line":53,"column":76}},"type":"binary-expr","locations":[{"start":{"line":53,"column":17},"end":{"line":53,"column":42}},{"start":{"line":53,"column":46},"end":{"line":53,"column":76}}],"line":53}},"s":{"0":0,"1":0,"2":0,"3":0},"f":{"0":0,"1":0},"b":{"0":[0,0],"1":[0,0]},"_coverageSchema":"332fd63041d2c1bcb487cc26dd0d5f7d97098a6c","hash":"f7301e6f17798cb1977a31fc008aef901aacbfd6"}
,"/Users/dominicsherman/github/spades/src/components/UndoButton.js": {"path":"/Users/dominicsherman/github/spades/src/components/UndoButton.js","statementMap":{"0":{"start":{"line":7,"column":23},"end":{"line":32,"column":6}},"1":{"start":{"line":35,"column":41},"end":{"line":35,"column":51}},"2":{"start":{"line":36,"column":23},"end":{"line":36,"column":40}},"3":{"start":{"line":38,"column":8},"end":{"line":54,"column":10}},"4":{"start":{"line":40,"column":31},"end":{"line":40,"column":51}}},"fnMap":{"0":{"name":"(anonymous_0)","decl":{"start":{"line":7,"column":17},"end":{"line":7,"column":18}},"loc":{"start":{"line":7,"column":23},"end":{"line":32,"column":6}},"line":7},"1":{"name":"(anonymous_1)","decl":{"start":{"line":34,"column":4},"end":{"line":34,"column":5}},"loc":{"start":{"line":34,"column":13},"end":{"line":55,"column":5}},"line":34},"2":{"name":"(anonymous_2)","decl":{"start":{"line":40,"column":25},"end":{"line":40,"column":26}},"loc":{"start":{"line":40,"column":31},"end":{"line":40,"column":51}},"line":40}},"branchMap":{},"s":{"0":0,"1":0,"2":0,"3":0,"4":0},"f":{"0":0,"1":0,"2":0},"b":{},"_coverageSchema":"332fd63041d2c1bcb487cc26dd0d5f7d97098a6c","hash":"8c3e6def8dc82a6d8a3b497d498d9083ced80fdb"}
,"/Users/dominicsherman/github/spades/src/modals/HistoryModal.js": {"path":"/Users/dominicsherman/github/spades/src/modals/HistoryModal.js","statementMap":{"0":{"start":{"line":9,"column":23},"end":{"line":24,"column":6}},"1":{"start":{"line":27,"column":74},"end":{"line":27,"column":84}},"2":{"start":{"line":28,"column":23},"end":{"line":28,"column":40}},"3":{"start":{"line":30,"column":8},"end":{"line":63,"column":10}},"4":{"start":{"line":52,"column":55},"end":{"line":52,"column":65}},"5":{"start":{"line":54,"column":28},"end":{"line":57,"column":30}}},"fnMap":{"0":{"name":"(anonymous_0)","decl":{"start":{"line":9,"column":17},"end":{"line":9,"column":18}},"loc":{"start":{"line":9,"column":23},"end":{"line":24,"column":6}},"line":9},"1":{"name":"(anonymous_1)","decl":{"start":{"line":26,"column":4},"end":{"line":26,"column":5}},"loc":{"start":{"line":26,"column":13},"end":{"line":64,"column":5}},"line":26},"2":{"name":"(anonymous_2)","decl":{"start":{"line":52,"column":38},"end":{"line":52,"column":39}},"loc":{"start":{"line":52,"column":55},"end":{"line":52,"column":65}},"line":52},"3":{"name":"(anonymous_3)","decl":{"start":{"line":53,"column":36},"end":{"line":53,"column":37}},"loc":{"start":{"line":54,"column":28},"end":{"line":57,"column":30}},"line":54}},"branchMap":{},"s":{"0":0,"1":0,"2":0,"3":0,"4":0,"5":0},"f":{"0":0,"1":0,"2":0,"3":0},"b":{},"_coverageSchema":"332fd63041d2c1bcb487cc26dd0d5f7d97098a6c","hash":"1478d32817b0257e558f5f679b2383888f564f5d"}
,"/Users/dominicsherman/github/spades/src/modals/InstructionsModal.js": {"path":"/Users/dominicsherman/github/spades/src/modals/InstructionsModal.js","statementMap":{"0":{"start":{"line":9,"column":23},"end":{"line":33,"column":6}},"1":{"start":{"line":36,"column":23},"end":{"line":36,"column":40}},"2":{"start":{"line":38,"column":8},"end":{"line":68,"column":10}}},"fnMap":{"0":{"name":"(anonymous_0)","decl":{"start":{"line":9,"column":17},"end":{"line":9,"column":18}},"loc":{"start":{"line":9,"column":23},"end":{"line":33,"column":6}},"line":9},"1":{"name":"(anonymous_1)","decl":{"start":{"line":35,"column":4},"end":{"line":35,"column":5}},"loc":{"start":{"line":35,"column":13},"end":{"line":69,"column":5}},"line":35}},"branchMap":{},"s":{"0":0,"1":0,"2":0},"f":{"0":0,"1":0},"b":{},"_coverageSchema":"332fd63041d2c1bcb487cc26dd0d5f7d97098a6c","hash":"287a024631d3e3f723c4c0f4f03387adb6b7d3d0"}
,"/Users/dominicsherman/github/spades/src/modals/SettingsModal.js": {"path":"/Users/dominicsherman/github/spades/src/modals/SettingsModal.js","statementMap":{"0":{"start":{"line":12,"column":23},"end":{"line":76,"column":6}},"1":{"start":{"line":78,"column":30},"end":{"line":78,"column":90}},"2":{"start":{"line":80,"column":31},"end":{"line":80,"column":83}},"3":{"start":{"line":83,"column":61},"end":{"line":83,"column":71}},"4":{"start":{"line":84,"column":23},"end":{"line":84,"column":40}},"5":{"start":{"line":86,"column":8},"end":{"line":173,"column":10}},"6":{"start":{"line":109,"column":62},"end":{"line":109,"column":118}},"7":{"start":{"line":118,"column":58},"end":{"line":118,"column":85}},"8":{"start":{"line":128,"column":58},"end":{"line":128,"column":81}},"9":{"start":{"line":138,"column":58},"end":{"line":138,"column":83}},"10":{"start":{"line":148,"column":58},"end":{"line":148,"column":85}},"11":{"start":{"line":158,"column":58},"end":{"line":158,"column":84}}},"fnMap":{"0":{"name":"(anonymous_0)","decl":{"start":{"line":12,"column":17},"end":{"line":12,"column":18}},"loc":{"start":{"line":12,"column":23},"end":{"line":76,"column":6}},"line":12},"1":{"name":"(anonymous_1)","decl":{"start":{"line":78,"column":19},"end":{"line":78,"column":20}},"loc":{"start":{"line":78,"column":30},"end":{"line":78,"column":90}},"line":78},"2":{"name":"(anonymous_2)","decl":{"start":{"line":80,"column":20},"end":{"line":80,"column":21}},"loc":{"start":{"line":80,"column":31},"end":{"line":80,"column":83}},"line":80},"3":{"name":"(anonymous_3)","decl":{"start":{"line":82,"column":4},"end":{"line":82,"column":5}},"loc":{"start":{"line":82,"column":13},"end":{"line":174,"column":5}},"line":82},"4":{"name":"(anonymous_4)","decl":{"start":{"line":109,"column":51},"end":{"line":109,"column":52}},"loc":{"start":{"line":109,"column":62},"end":{"line":109,"column":118}},"line":109},"5":{"name":"(anonymous_5)","decl":{"start":{"line":118,"column":52},"end":{"line":118,"column":53}},"loc":{"start":{"line":118,"column":58},"end":{"line":118,"column":85}},"line":118},"6":{"name":"(anonymous_6)","decl":{"start":{"line":128,"column":52},"end":{"line":128,"column":53}},"loc":{"start":{"line":128,"column":58},"end":{"line":128,"column":81}},"line":128},"7":{"name":"(anonymous_7)","decl":{"start":{"line":138,"column":52},"end":{"line":138,"column":53}},"loc":{"start":{"line":138,"column":58},"end":{"line":138,"column":83}},"line":138},"8":{"name":"(anonymous_8)","decl":{"start":{"line":148,"column":52},"end":{"line":148,"column":53}},"loc":{"start":{"line":148,"column":58},"end":{"line":148,"column":85}},"line":148},"9":{"name":"(anonymous_9)","decl":{"start":{"line":158,"column":52},"end":{"line":158,"column":53}},"loc":{"start":{"line":158,"column":58},"end":{"line":158,"column":84}},"line":158}},"branchMap":{"0":{"loc":{"start":{"line":78,"column":30},"end":{"line":78,"column":90}},"type":"cond-expr","locations":[{"start":{"line":78,"column":65},"end":{"line":78,"column":79}},{"start":{"line":78,"column":82},"end":{"line":78,"column":90}}],"line":78},"1":{"loc":{"start":{"line":80,"column":31},"end":{"line":80,"column":83}},"type":"cond-expr","locations":[{"start":{"line":80,"column":66},"end":{"line":80,"column":71}},{"start":{"line":80,"column":74},"end":{"line":80,"column":83}}],"line":80},"2":{"loc":{"start":{"line":109,"column":62},"end":{"line":109,"column":118}},"type":"cond-expr","locations":[{"start":{"line":109,"column":70},"end":{"line":109,"column":93}},{"start":{"line":109,"column":96},"end":{"line":109,"column":118}}],"line":109}},"s":{"0":0,"1":0,"2":0,"3":0,"4":0,"5":0,"6":0,"7":0,"8":0,"9":0,"10":0,"11":0},"f":{"0":0,"1":0,"2":0,"3":0,"4":0,"5":0,"6":0,"7":0,"8":0,"9":0},"b":{"0":[0,0],"1":[0,0],"2":[0,0]},"_coverageSchema":"332fd63041d2c1bcb487cc26dd0d5f7d97098a6c","hash":"9910ecdc488df708d309413a80e986f68e647e1c"}
,"/Users/dominicsherman/github/spades/src/redux/action-creators.js": {"path":"/Users/dominicsherman/github/spades/src/redux/action-creators.js","statementMap":{"0":{"start":{"line":25,"column":23},"end":{"line":107,"column":1}},"1":{"start":{"line":26,"column":17},"end":{"line":26,"column":18}},"2":{"start":{"line":27,"column":17},"end":{"line":27,"column":18}},"3":{"start":{"line":28,"column":16},"end":{"line":28,"column":17}},"4":{"start":{"line":29,"column":16},"end":{"line":29,"column":17}},"5":{"start":{"line":31,"column":4},"end":{"line":99,"column":7}},"6":{"start":{"line":32,"column":112},"end":{"line":32,"column":117}},"7":{"start":{"line":34,"column":8},"end":{"line":98,"column":9}},"8":{"start":{"line":35,"column":12},"end":{"line":39,"column":13}},"9":{"start":{"line":36,"column":16},"end":{"line":36,"column":30}},"10":{"start":{"line":37,"column":19},"end":{"line":39,"column":13}},"11":{"start":{"line":38,"column":16},"end":{"line":38,"column":30}},"12":{"start":{"line":41,"column":12},"end":{"line":45,"column":13}},"13":{"start":{"line":42,"column":16},"end":{"line":42,"column":30}},"14":{"start":{"line":43,"column":19},"end":{"line":45,"column":13}},"15":{"start":{"line":44,"column":16},"end":{"line":44,"column":30}},"16":{"start":{"line":47,"column":12},"end":{"line":51,"column":13}},"17":{"start":{"line":48,"column":16},"end":{"line":48,"column":30}},"18":{"start":{"line":49,"column":19},"end":{"line":51,"column":13}},"19":{"start":{"line":50,"column":16},"end":{"line":50,"column":30}},"20":{"start":{"line":53,"column":12},"end":{"line":57,"column":13}},"21":{"start":{"line":54,"column":16},"end":{"line":54,"column":30}},"22":{"start":{"line":55,"column":19},"end":{"line":57,"column":13}},"23":{"start":{"line":56,"column":16},"end":{"line":56,"column":30}},"24":{"start":{"line":59,"column":12},"end":{"line":72,"column":13}},"25":{"start":{"line":60,"column":16},"end":{"line":60,"column":71}},"26":{"start":{"line":61,"column":16},"end":{"line":61,"column":51}},"27":{"start":{"line":63,"column":16},"end":{"line":65,"column":17}},"28":{"start":{"line":64,"column":20},"end":{"line":64,"column":34}},"29":{"start":{"line":67,"column":16},"end":{"line":67,"column":43}},"30":{"start":{"line":69,"column":16},"end":{"line":71,"column":17}},"31":{"start":{"line":70,"column":20},"end":{"line":70,"column":34}},"32":{"start":{"line":74,"column":12},"end":{"line":87,"column":13}},"33":{"start":{"line":75,"column":16},"end":{"line":75,"column":71}},"34":{"start":{"line":76,"column":16},"end":{"line":76,"column":51}},"35":{"start":{"line":78,"column":16},"end":{"line":80,"column":17}},"36":{"start":{"line":79,"column":20},"end":{"line":79,"column":34}},"37":{"start":{"line":82,"column":16},"end":{"line":82,"column":43}},"38":{"start":{"line":84,"column":16},"end":{"line":86,"column":17}},"39":{"start":{"line":85,"column":20},"end":{"line":85,"column":34}},"40":{"start":{"line":89,"column":12},"end":{"line":92,"column":13}},"41":{"start":{"line":90,"column":16},"end":{"line":90,"column":35}},"42":{"start":{"line":91,"column":16},"end":{"line":91,"column":30}},"43":{"start":{"line":94,"column":12},"end":{"line":97,"column":13}},"44":{"start":{"line":95,"column":16},"end":{"line":95,"column":35}},"45":{"start":{"line":96,"column":16},"end":{"line":96,"column":30}},"46":{"start":{"line":101,"column":4},"end":{"line":106,"column":6}},"47":{"start":{"line":108,"column":34},"end":{"line":135,"column":1}},"48":{"start":{"line":108,"column":46},"end":{"line":135,"column":1}},"49":{"start":{"line":114,"column":8},"end":{"line":114,"column":30}},"50":{"start":{"line":116,"column":4},"end":{"line":119,"column":7}},"51":{"start":{"line":121,"column":4},"end":{"line":124,"column":7}},"52":{"start":{"line":126,"column":4},"end":{"line":129,"column":7}},"53":{"start":{"line":131,"column":4},"end":{"line":134,"column":7}},"54":{"start":{"line":137,"column":19},"end":{"line":168,"column":1}},"55":{"start":{"line":137,"column":34},"end":{"line":168,"column":1}},"56":{"start":{"line":138,"column":21},"end":{"line":138,"column":80}},"57":{"start":{"line":139,"column":21},"end":{"line":139,"column":80}},"58":{"start":{"line":141,"column":4},"end":{"line":143,"column":5}},"59":{"start":{"line":142,"column":8},"end":{"line":142,"column":26}},"60":{"start":{"line":145,"column":4},"end":{"line":147,"column":5}},"61":{"start":{"line":146,"column":8},"end":{"line":146,"column":26}},"62":{"start":{"line":149,"column":28},"end":{"line":153,"column":5}},"63":{"start":{"line":155,"column":4},"end":{"line":158,"column":7}},"64":{"start":{"line":160,"column":4},"end":{"line":162,"column":7}},"65":{"start":{"line":164,"column":4},"end":{"line":167,"column":6}},"66":{"start":{"line":170,"column":22},"end":{"line":218,"column":1}},"67":{"start":{"line":170,"column":39},"end":{"line":218,"column":1}},"68":{"start":{"line":171,"column":24},"end":{"line":171,"column":87}},"69":{"start":{"line":172,"column":24},"end":{"line":172,"column":87}},"70":{"start":{"line":174,"column":4},"end":{"line":217,"column":5}},"71":{"start":{"line":175,"column":25},"end":{"line":175,"column":35}},"72":{"start":{"line":177,"column":28},"end":{"line":200,"column":30}},"73":{"start":{"line":202,"column":8},"end":{"line":202,"column":63}},"74":{"start":{"line":204,"column":8},"end":{"line":207,"column":11}},"75":{"start":{"line":209,"column":8},"end":{"line":211,"column":11}},"76":{"start":{"line":213,"column":8},"end":{"line":216,"column":11}},"77":{"start":{"line":220,"column":22},"end":{"line":228,"column":1}},"78":{"start":{"line":220,"column":28},"end":{"line":228,"column":1}},"79":{"start":{"line":221,"column":32},"end":{"line":221,"column":42}},"80":{"start":{"line":223,"column":4},"end":{"line":227,"column":5}},"81":{"start":{"line":224,"column":8},"end":{"line":224,"column":50}},"82":{"start":{"line":226,"column":8},"end":{"line":226,"column":53}},"83":{"start":{"line":230,"column":23},"end":{"line":252,"column":1}},"84":{"start":{"line":230,"column":41},"end":{"line":252,"column":1}},"85":{"start":{"line":231,"column":4},"end":{"line":251,"column":5}},"86":{"start":{"line":232,"column":8},"end":{"line":235,"column":11}},"87":{"start":{"line":236,"column":11},"end":{"line":251,"column":5}},"88":{"start":{"line":237,"column":8},"end":{"line":240,"column":11}},"89":{"start":{"line":241,"column":11},"end":{"line":251,"column":5}},"90":{"start":{"line":242,"column":8},"end":{"line":245,"column":11}},"91":{"start":{"line":246,"column":11},"end":{"line":251,"column":5}},"92":{"start":{"line":247,"column":8},"end":{"line":250,"column":11}},"93":{"start":{"line":254,"column":27},"end":{"line":276,"column":1}},"94":{"start":{"line":254,"column":44},"end":{"line":276,"column":1}},"95":{"start":{"line":255,"column":4},"end":{"line":275,"column":5}},"96":{"start":{"line":256,"column":8},"end":{"line":259,"column":11}},"97":{"start":{"line":260,"column":11},"end":{"line":275,"column":5}},"98":{"start":{"line":261,"column":8},"end":{"line":264,"column":11}},"99":{"start":{"line":265,"column":11},"end":{"line":275,"column":5}},"100":{"start":{"line":266,"column":8},"end":{"line":269,"column":11}},"101":{"start":{"line":270,"column":11},"end":{"line":275,"column":5}},"102":{"start":{"line":271,"column":8},"end":{"line":274,"column":11}},"103":{"start":{"line":278,"column":23},"end":{"line":288,"column":1}},"104":{"start":{"line":278,"column":29},"end":{"line":288,"column":1}},"105":{"start":{"line":278,"column":43},"end":{"line":288,"column":1}},"106":{"start":{"line":284,"column":27},"end":{"line":284,"column":52}},"107":{"start":{"line":290,"column":20},"end":{"line":308,"column":1}},"108":{"start":{"line":290,"column":32},"end":{"line":308,"column":1}},"109":{"start":{"line":291,"column":21},"end":{"line":291,"column":31}},"110":{"start":{"line":293,"column":4},"end":{"line":307,"column":5}},"111":{"start":{"line":294,"column":8},"end":{"line":306,"column":9}},"112":{"start":{"line":295,"column":12},"end":{"line":295,"column":42}},"113":{"start":{"line":296,"column":12},"end":{"line":299,"column":15}},"114":{"start":{"line":301,"column":12},"end":{"line":301,"column":40}},"115":{"start":{"line":302,"column":12},"end":{"line":305,"column":15}},"116":{"start":{"line":310,"column":33},"end":{"line":312,"column":2}},"117":{"start":{"line":310,"column":40},"end":{"line":312,"column":1}},"118":{"start":{"line":314,"column":35},"end":{"line":316,"column":2}},"119":{"start":{"line":314,"column":42},"end":{"line":316,"column":1}},"120":{"start":{"line":318,"column":39},"end":{"line":320,"column":2}},"121":{"start":{"line":318,"column":46},"end":{"line":320,"column":1}},"122":{"start":{"line":322,"column":24},"end":{"line":325,"column":2}},"123":{"start":{"line":322,"column":36},"end":{"line":325,"column":1}},"124":{"start":{"line":327,"column":24},"end":{"line":330,"column":2}},"125":{"start":{"line":327,"column":36},"end":{"line":330,"column":1}}},"fnMap":{"0":{"name":"(anonymous_0)","decl":{"start":{"line":25,"column":23},"end":{"line":25,"column":24}},"loc":{"start":{"line":25,"column":35},"end":{"line":107,"column":1}},"line":25},"1":{"name":"(anonymous_1)","decl":{"start":{"line":31,"column":19},"end":{"line":31,"column":20}},"loc":{"start":{"line":31,"column":30},"end":{"line":99,"column":5}},"line":31},"2":{"name":"(anonymous_2)","decl":{"start":{"line":108,"column":34},"end":{"line":108,"column":35}},"loc":{"start":{"line":108,"column":46},"end":{"line":135,"column":1}},"line":108},"3":{"name":"(anonymous_3)","decl":{"start":{"line":108,"column":46},"end":{"line":108,"column":47}},"loc":{"start":{"line":108,"column":60},"end":{"line":135,"column":1}},"line":108},"4":{"name":"(anonymous_4)","decl":{"start":{"line":137,"column":19},"end":{"line":137,"column":20}},"loc":{"start":{"line":137,"column":34},"end":{"line":168,"column":1}},"line":137},"5":{"name":"(anonymous_5)","decl":{"start":{"line":137,"column":34},"end":{"line":137,"column":35}},"loc":{"start":{"line":137,"column":48},"end":{"line":168,"column":1}},"line":137},"6":{"name":"(anonymous_6)","decl":{"start":{"line":170,"column":22},"end":{"line":170,"column":23}},"loc":{"start":{"line":170,"column":39},"end":{"line":218,"column":1}},"line":170},"7":{"name":"(anonymous_7)","decl":{"start":{"line":170,"column":39},"end":{"line":170,"column":40}},"loc":{"start":{"line":170,"column":63},"end":{"line":218,"column":1}},"line":170},"8":{"name":"(anonymous_8)","decl":{"start":{"line":220,"column":22},"end":{"line":220,"column":23}},"loc":{"start":{"line":220,"column":28},"end":{"line":228,"column":1}},"line":220},"9":{"name":"(anonymous_9)","decl":{"start":{"line":220,"column":28},"end":{"line":220,"column":29}},"loc":{"start":{"line":220,"column":52},"end":{"line":228,"column":1}},"line":220},"10":{"name":"(anonymous_10)","decl":{"start":{"line":230,"column":23},"end":{"line":230,"column":24}},"loc":{"start":{"line":230,"column":41},"end":{"line":252,"column":1}},"line":230},"11":{"name":"(anonymous_11)","decl":{"start":{"line":230,"column":41},"end":{"line":230,"column":42}},"loc":{"start":{"line":230,"column":55},"end":{"line":252,"column":1}},"line":230},"12":{"name":"(anonymous_12)","decl":{"start":{"line":254,"column":27},"end":{"line":254,"column":28}},"loc":{"start":{"line":254,"column":44},"end":{"line":276,"column":1}},"line":254},"13":{"name":"(anonymous_13)","decl":{"start":{"line":254,"column":44},"end":{"line":254,"column":45}},"loc":{"start":{"line":254,"column":58},"end":{"line":276,"column":1}},"line":254},"14":{"name":"(anonymous_14)","decl":{"start":{"line":278,"column":23},"end":{"line":278,"column":24}},"loc":{"start":{"line":278,"column":29},"end":{"line":288,"column":1}},"line":278},"15":{"name":"(anonymous_15)","decl":{"start":{"line":278,"column":29},"end":{"line":278,"column":30}},"loc":{"start":{"line":278,"column":43},"end":{"line":288,"column":1}},"line":278},"16":{"name":"(anonymous_16)","decl":{"start":{"line":284,"column":21},"end":{"line":284,"column":22}},"loc":{"start":{"line":284,"column":27},"end":{"line":284,"column":52}},"line":284},"17":{"name":"(anonymous_17)","decl":{"start":{"line":290,"column":20},"end":{"line":290,"column":21}},"loc":{"start":{"line":290,"column":32},"end":{"line":308,"column":1}},"line":290},"18":{"name":"(anonymous_18)","decl":{"start":{"line":290,"column":32},"end":{"line":290,"column":33}},"loc":{"start":{"line":290,"column":56},"end":{"line":308,"column":1}},"line":290},"19":{"name":"(anonymous_19)","decl":{"start":{"line":310,"column":33},"end":{"line":310,"column":34}},"loc":{"start":{"line":310,"column":40},"end":{"line":312,"column":1}},"line":310},"20":{"name":"(anonymous_20)","decl":{"start":{"line":314,"column":35},"end":{"line":314,"column":36}},"loc":{"start":{"line":314,"column":42},"end":{"line":316,"column":1}},"line":314},"21":{"name":"(anonymous_21)","decl":{"start":{"line":318,"column":39},"end":{"line":318,"column":40}},"loc":{"start":{"line":318,"column":46},"end":{"line":320,"column":1}},"line":318},"22":{"name":"(anonymous_22)","decl":{"start":{"line":322,"column":24},"end":{"line":322,"column":25}},"loc":{"start":{"line":322,"column":36},"end":{"line":325,"column":1}},"line":322},"23":{"name":"(anonymous_23)","decl":{"start":{"line":327,"column":24},"end":{"line":327,"column":25}},"loc":{"start":{"line":327,"column":36},"end":{"line":330,"column":1}},"line":327}},"branchMap":{"0":{"loc":{"start":{"line":34,"column":8},"end":{"line":98,"column":9}},"type":"if","locations":[{"start":{"line":34,"column":8},"end":{"line":98,"column":9}},{"start":{"line":34,"column":8},"end":{"line":98,"column":9}}],"line":34},"1":{"loc":{"start":{"line":34,"column":12},"end":{"line":34,"column":71}},"type":"binary-expr","locations":[{"start":{"line":34,"column":12},"end":{"line":34,"column":37}},{"start":{"line":34,"column":41},"end":{"line":34,"column":71}}],"line":34},"2":{"loc":{"start":{"line":35,"column":12},"end":{"line":39,"column":13}},"type":"if","locations":[{"start":{"line":35,"column":12},"end":{"line":39,"column":13}},{"start":{"line":35,"column":12},"end":{"line":39,"column":13}}],"line":35},"3":{"loc":{"start":{"line":35,"column":16},"end":{"line":35,"column":94}},"type":"binary-expr","locations":[{"start":{"line":35,"column":17},"end":{"line":35,"column":31}},{"start":{"line":35,"column":35},"end":{"line":35,"column":52}},{"start":{"line":35,"column":58},"end":{"line":35,"column":72}},{"start":{"line":35,"column":76},"end":{"line":35,"column":93}}],"line":35},"4":{"loc":{"start":{"line":37,"column":19},"end":{"line":39,"column":13}},"type":"if","locations":[{"start":{"line":37,"column":19},"end":{"line":39,"column":13}},{"start":{"line":37,"column":19},"end":{"line":39,"column":13}}],"line":37},"5":{"loc":{"start":{"line":37,"column":23},"end":{"line":37,"column":99}},"type":"binary-expr","locations":[{"start":{"line":37,"column":24},"end":{"line":37,"column":38}},{"start":{"line":37,"column":42},"end":{"line":37,"column":58}},{"start":{"line":37,"column":64},"end":{"line":37,"column":78}},{"start":{"line":37,"column":82},"end":{"line":37,"column":98}}],"line":37},"6":{"loc":{"start":{"line":41,"column":12},"end":{"line":45,"column":13}},"type":"if","locations":[{"start":{"line":41,"column":12},"end":{"line":45,"column":13}},{"start":{"line":41,"column":12},"end":{"line":45,"column":13}}],"line":41},"7":{"loc":{"start":{"line":41,"column":16},"end":{"line":41,"column":108}},"type":"binary-expr","locations":[{"start":{"line":41,"column":17},"end":{"line":41,"column":38}},{"start":{"line":41,"column":42},"end":{"line":41,"column":59}},{"start":{"line":41,"column":65},"end":{"line":41,"column":86}},{"start":{"line":41,"column":90},"end":{"line":41,"column":107}}],"line":41},"8":{"loc":{"start":{"line":43,"column":19},"end":{"line":45,"column":13}},"type":"if","locations":[{"start":{"line":43,"column":19},"end":{"line":45,"column":13}},{"start":{"line":43,"column":19},"end":{"line":45,"column":13}}],"line":43},"9":{"loc":{"start":{"line":43,"column":23},"end":{"line":43,"column":113}},"type":"binary-expr","locations":[{"start":{"line":43,"column":24},"end":{"line":43,"column":45}},{"start":{"line":43,"column":49},"end":{"line":43,"column":65}},{"start":{"line":43,"column":71},"end":{"line":43,"column":92}},{"start":{"line":43,"column":96},"end":{"line":43,"column":112}}],"line":43},"10":{"loc":{"start":{"line":47,"column":12},"end":{"line":51,"column":13}},"type":"if","locations":[{"start":{"line":47,"column":12},"end":{"line":51,"column":13}},{"start":{"line":47,"column":12},"end":{"line":51,"column":13}}],"line":47},"11":{"loc":{"start":{"line":47,"column":16},"end":{"line":47,"column":100}},"type":"binary-expr","locations":[{"start":{"line":47,"column":17},"end":{"line":47,"column":33}},{"start":{"line":47,"column":37},"end":{"line":47,"column":56}},{"start":{"line":47,"column":62},"end":{"line":47,"column":77}},{"start":{"line":47,"column":81},"end":{"line":47,"column":99}}],"line":47},"12":{"loc":{"start":{"line":49,"column":19},"end":{"line":51,"column":13}},"type":"if","locations":[{"start":{"line":49,"column":19},"end":{"line":51,"column":13}},{"start":{"line":49,"column":19},"end":{"line":51,"column":13}}],"line":49},"13":{"loc":{"start":{"line":49,"column":23},"end":{"line":49,"column":105}},"type":"binary-expr","locations":[{"start":{"line":49,"column":24},"end":{"line":49,"column":40}},{"start":{"line":49,"column":44},"end":{"line":49,"column":62}},{"start":{"line":49,"column":68},"end":{"line":49,"column":83}},{"start":{"line":49,"column":87},"end":{"line":49,"column":104}}],"line":49},"14":{"loc":{"start":{"line":53,"column":12},"end":{"line":57,"column":13}},"type":"if","locations":[{"start":{"line":53,"column":12},"end":{"line":57,"column":13}},{"start":{"line":53,"column":12},"end":{"line":57,"column":13}}],"line":53},"15":{"loc":{"start":{"line":53,"column":16},"end":{"line":53,"column":114}},"type":"binary-expr","locations":[{"start":{"line":53,"column":17},"end":{"line":53,"column":40}},{"start":{"line":53,"column":44},"end":{"line":53,"column":63}},{"start":{"line":53,"column":69},"end":{"line":53,"column":91}},{"start":{"line":53,"column":95},"end":{"line":53,"column":113}}],"line":53},"16":{"loc":{"start":{"line":55,"column":19},"end":{"line":57,"column":13}},"type":"if","locations":[{"start":{"line":55,"column":19},"end":{"line":57,"column":13}},{"start":{"line":55,"column":19},"end":{"line":57,"column":13}}],"line":55},"17":{"loc":{"start":{"line":55,"column":23},"end":{"line":55,"column":119}},"type":"binary-expr","locations":[{"start":{"line":55,"column":24},"end":{"line":55,"column":47}},{"start":{"line":55,"column":51},"end":{"line":55,"column":69}},{"start":{"line":55,"column":75},"end":{"line":55,"column":97}},{"start":{"line":55,"column":101},"end":{"line":55,"column":118}}],"line":55},"18":{"loc":{"start":{"line":59,"column":12},"end":{"line":72,"column":13}},"type":"if","locations":[{"start":{"line":59,"column":12},"end":{"line":72,"column":13}},{"start":{"line":59,"column":12},"end":{"line":72,"column":13}}],"line":59},"19":{"loc":{"start":{"line":63,"column":16},"end":{"line":65,"column":17}},"type":"if","locations":[{"start":{"line":63,"column":16},"end":{"line":65,"column":17}},{"start":{"line":63,"column":16},"end":{"line":65,"column":17}}],"line":63},"20":{"loc":{"start":{"line":63,"column":20},"end":{"line":63,"column":56}},"type":"binary-expr","locations":[{"start":{"line":63,"column":20},"end":{"line":63,"column":35}},{"start":{"line":63,"column":39},"end":{"line":63,"column":56}}],"line":63},"21":{"loc":{"start":{"line":69,"column":16},"end":{"line":71,"column":17}},"type":"if","locations":[{"start":{"line":69,"column":16},"end":{"line":71,"column":17}},{"start":{"line":69,"column":16},"end":{"line":71,"column":17}}],"line":69},"22":{"loc":{"start":{"line":74,"column":12},"end":{"line":87,"column":13}},"type":"if","locations":[{"start":{"line":74,"column":12},"end":{"line":87,"column":13}},{"start":{"line":74,"column":12},"end":{"line":87,"column":13}}],"line":74},"23":{"loc":{"start":{"line":78,"column":16},"end":{"line":80,"column":17}},"type":"if","locations":[{"start":{"line":78,"column":16},"end":{"line":80,"column":17}},{"start":{"line":78,"column":16},"end":{"line":80,"column":17}}],"line":78},"24":{"loc":{"start":{"line":78,"column":20},"end":{"line":78,"column":56}},"type":"binary-expr","locations":[{"start":{"line":78,"column":20},"end":{"line":78,"column":35}},{"start":{"line":78,"column":39},"end":{"line":78,"column":56}}],"line":78},"25":{"loc":{"start":{"line":84,"column":16},"end":{"line":86,"column":17}},"type":"if","locations":[{"start":{"line":84,"column":16},"end":{"line":86,"column":17}},{"start":{"line":84,"column":16},"end":{"line":86,"column":17}}],"line":84},"26":{"loc":{"start":{"line":89,"column":12},"end":{"line":92,"column":13}},"type":"if","locations":[{"start":{"line":89,"column":12},"end":{"line":92,"column":13}},{"start":{"line":89,"column":12},"end":{"line":92,"column":13}}],"line":89},"27":{"loc":{"start":{"line":94,"column":12},"end":{"line":97,"column":13}},"type":"if","locations":[{"start":{"line":94,"column":12},"end":{"line":97,"column":13}},{"start":{"line":94,"column":12},"end":{"line":97,"column":13}}],"line":94},"28":{"loc":{"start":{"line":141,"column":4},"end":{"line":143,"column":5}},"type":"if","locations":[{"start":{"line":141,"column":4},"end":{"line":143,"column":5}},{"start":{"line":141,"column":4},"end":{"line":143,"column":5}}],"line":141},"29":{"loc":{"start":{"line":141,"column":8},"end":{"line":141,"column":84}},"type":"binary-expr","locations":[{"start":{"line":141,"column":8},"end":{"line":141,"column":44}},{"start":{"line":141,"column":48},"end":{"line":141,"column":84}}],"line":141},"30":{"loc":{"start":{"line":145,"column":4},"end":{"line":147,"column":5}},"type":"if","locations":[{"start":{"line":145,"column":4},"end":{"line":147,"column":5}},{"start":{"line":145,"column":4},"end":{"line":147,"column":5}}],"line":145},"31":{"loc":{"start":{"line":145,"column":8},"end":{"line":145,"column":84}},"type":"binary-expr","locations":[{"start":{"line":145,"column":8},"end":{"line":145,"column":44}},{"start":{"line":145,"column":48},"end":{"line":145,"column":84}}],"line":145},"32":{"loc":{"start":{"line":174,"column":4},"end":{"line":217,"column":5}},"type":"if","locations":[{"start":{"line":174,"column":4},"end":{"line":217,"column":5}},{"start":{"line":174,"column":4},"end":{"line":217,"column":5}}],"line":174},"33":{"loc":{"start":{"line":223,"column":4},"end":{"line":227,"column":5}},"type":"if","locations":[{"start":{"line":223,"column":4},"end":{"line":227,"column":5}},{"start":{"line":223,"column":4},"end":{"line":227,"column":5}}],"line":223},"34":{"loc":{"start":{"line":231,"column":4},"end":{"line":251,"column":5}},"type":"if","locations":[{"start":{"line":231,"column":4},"end":{"line":251,"column":5}},{"start":{"line":231,"column":4},"end":{"line":251,"column":5}}],"line":231},"35":{"loc":{"start":{"line":236,"column":11},"end":{"line":251,"column":5}},"type":"if","locations":[{"start":{"line":236,"column":11},"end":{"line":251,"column":5}},{"start":{"line":236,"column":11},"end":{"line":251,"column":5}}],"line":236},"36":{"loc":{"start":{"line":241,"column":11},"end":{"line":251,"column":5}},"type":"if","locations":[{"start":{"line":241,"column":11},"end":{"line":251,"column":5}},{"start":{"line":241,"column":11},"end":{"line":251,"column":5}}],"line":241},"37":{"loc":{"start":{"line":246,"column":11},"end":{"line":251,"column":5}},"type":"if","locations":[{"start":{"line":246,"column":11},"end":{"line":251,"column":5}},{"start":{"line":246,"column":11},"end":{"line":251,"column":5}}],"line":246},"38":{"loc":{"start":{"line":255,"column":4},"end":{"line":275,"column":5}},"type":"if","locations":[{"start":{"line":255,"column":4},"end":{"line":275,"column":5}},{"start":{"line":255,"column":4},"end":{"line":275,"column":5}}],"line":255},"39":{"loc":{"start":{"line":260,"column":11},"end":{"line":275,"column":5}},"type":"if","locations":[{"start":{"line":260,"column":11},"end":{"line":275,"column":5}},{"start":{"line":260,"column":11},"end":{"line":275,"column":5}}],"line":260},"40":{"loc":{"start":{"line":265,"column":11},"end":{"line":275,"column":5}},"type":"if","locations":[{"start":{"line":265,"column":11},"end":{"line":275,"column":5}},{"start":{"line":265,"column":11},"end":{"line":275,"column":5}}],"line":265},"41":{"loc":{"start":{"line":270,"column":11},"end":{"line":275,"column":5}},"type":"if","locations":[{"start":{"line":270,"column":11},"end":{"line":275,"column":5}},{"start":{"line":270,"column":11},"end":{"line":275,"column":5}}],"line":270},"42":{"loc":{"start":{"line":293,"column":4},"end":{"line":307,"column":5}},"type":"if","locations":[{"start":{"line":293,"column":4},"end":{"line":307,"column":5}},{"start":{"line":293,"column":4},"end":{"line":307,"column":5}}],"line":293},"43":{"loc":{"start":{"line":294,"column":8},"end":{"line":306,"column":9}},"type":"if","locations":[{"start":{"line":294,"column":8},"end":{"line":306,"column":9}},{"start":{"line":294,"column":8},"end":{"line":306,"column":9}}],"line":294}},"s":{"0":1,"1":0,"2":0,"3":0,"4":0,"5":0,"6":0,"7":0,"8":0,"9":0,"10":0,"11":0,"12":0,"13":0,"14":0,"15":0,"16":0,"17":0,"18":0,"19":0,"20":0,"21":0,"22":0,"23":0,"24":0,"25":0,"26":0,"27":0,"28":0,"29":0,"30":0,"31":0,"32":0,"33":0,"34":0,"35":0,"36":0,"37":0,"38":0,"39":0,"40":0,"41":0,"42":0,"43":0,"44":0,"45":0,"46":0,"47":1,"48":0,"49":0,"50":0,"51":0,"52":0,"53":0,"54":1,"55":0,"56":0,"57":0,"58":0,"59":0,"60":0,"61":0,"62":0,"63":0,"64":0,"65":0,"66":1,"67":0,"68":0,"69":0,"70":0,"71":0,"72":0,"73":0,"74":0,"75":0,"76":0,"77":1,"78":0,"79":0,"80":0,"81":0,"82":0,"83":1,"84":0,"85":0,"86":0,"87":0,"88":0,"89":0,"90":0,"91":0,"92":0,"93":1,"94":0,"95":0,"96":0,"97":0,"98":0,"99":0,"100":0,"101":0,"102":0,"103":1,"104":0,"105":0,"106":0,"107":1,"108":0,"109":0,"110":0,"111":0,"112":0,"113":0,"114":0,"115":0,"116":1,"117":0,"118":1,"119":0,"120":1,"121":0,"122":1,"123":0,"124":1,"125":0},"f":{"0":0,"1":0,"2":0,"3":0,"4":0,"5":0,"6":0,"7":0,"8":0,"9":0,"10":0,"11":0,"12":0,"13":0,"14":0,"15":0,"16":0,"17":0,"18":0,"19":0,"20":0,"21":0,"22":0,"23":0},"b":{"0":[0,0],"1":[0,0],"2":[0,0],"3":[0,0,0,0],"4":[0,0],"5":[0,0,0,0],"6":[0,0],"7":[0,0,0,0],"8":[0,0],"9":[0,0,0,0],"10":[0,0],"11":[0,0,0,0],"12":[0,0],"13":[0,0,0,0],"14":[0,0],"15":[0,0,0,0],"16":[0,0],"17":[0,0,0,0],"18":[0,0],"19":[0,0],"20":[0,0],"21":[0,0],"22":[0,0],"23":[0,0],"24":[0,0],"25":[0,0],"26":[0,0],"27":[0,0],"28":[0,0],"29":[0,0],"30":[0,0],"31":[0,0],"32":[0,0],"33":[0,0],"34":[0,0],"35":[0,0],"36":[0,0],"37":[0,0],"38":[0,0],"39":[0,0],"40":[0,0],"41":[0,0],"42":[0,0],"43":[0,0]},"_coverageSchema":"332fd63041d2c1bcb487cc26dd0d5f7d97098a6c","hash":"c56c2195212238622438074eececb2b3a0235306"}
,"/Users/dominicsherman/github/spades/src/redux/action-types.js": {"path":"/Users/dominicsherman/github/spades/src/redux/action-types.js","statementMap":{"0":{"start":{"line":1,"column":26},"end":{"line":1,"column":38}},"1":{"start":{"line":2,"column":24},"end":{"line":2,"column":34}},"2":{"start":{"line":3,"column":21},"end":{"line":3,"column":28}},"3":{"start":{"line":4,"column":27},"end":{"line":4,"column":40}},"4":{"start":{"line":5,"column":38},"end":{"line":5,"column":62}},"5":{"start":{"line":6,"column":35},"end":{"line":6,"column":56}},"6":{"start":{"line":7,"column":36},"end":{"line":7,"column":58}},"7":{"start":{"line":8,"column":37},"end":{"line":8,"column":60}},"8":{"start":{"line":9,"column":34},"end":{"line":9,"column":54}},"9":{"start":{"line":10,"column":35},"end":{"line":10,"column":56}},"10":{"start":{"line":11,"column":39},"end":{"line":11,"column":64}},"11":{"start":{"line":12,"column":36},"end":{"line":12,"column":58}},"12":{"start":{"line":13,"column":37},"end":{"line":13,"column":60}},"13":{"start":{"line":14,"column":37},"end":{"line":14,"column":60}},"14":{"start":{"line":15,"column":34},"end":{"line":15,"column":54}},"15":{"start":{"line":16,"column":35},"end":{"line":16,"column":56}},"16":{"start":{"line":17,"column":34},"end":{"line":17,"column":54}},"17":{"start":{"line":18,"column":34},"end":{"line":18,"column":54}},"18":{"start":{"line":19,"column":33},"end":{"line":19,"column":52}},"19":{"start":{"line":20,"column":33},"end":{"line":20,"column":52}},"20":{"start":{"line":21,"column":25},"end":{"line":21,"column":36}},"21":{"start":{"line":22,"column":27},"end":{"line":22,"column":40}},"22":{"start":{"line":23,"column":23},"end":{"line":23,"column":32}},"23":{"start":{"line":24,"column":35},"end":{"line":24,"column":56}},"24":{"start":{"line":25,"column":42},"end":{"line":25,"column":70}},"25":{"start":{"line":26,"column":38},"end":{"line":26,"column":62}},"26":{"start":{"line":27,"column":25},"end":{"line":27,"column":36}},"27":{"start":{"line":28,"column":25},"end":{"line":28,"column":36}}},"fnMap":{},"branchMap":{},"s":{"0":1,"1":1,"2":1,"3":1,"4":1,"5":1,"6":1,"7":1,"8":1,"9":1,"10":1,"11":1,"12":1,"13":1,"14":1,"15":1,"16":1,"17":1,"18":1,"19":1,"20":1,"21":1,"22":1,"23":1,"24":1,"25":1,"26":1,"27":1},"f":{},"b":{},"_coverageSchema":"332fd63041d2c1bcb487cc26dd0d5f7d97098a6c","hash":"5effcaac39f94fc37384dd0699ef52c2ab033e4a"}
,"/Users/dominicsherman/github/spades/src/redux/reducer.js": {"path":"/Users/dominicsherman/github/spades/src/redux/reducer.js","statementMap":{"0":{"start":{"line":34,"column":21},"end":{"line":64,"column":1}},"1":{"start":{"line":66,"column":18},"end":{"line":69,"column":2}},"2":{"start":{"line":66,"column":38},"end":{"line":69,"column":1}},"3":{"start":{"line":71,"column":16},"end":{"line":89,"column":2}},"4":{"start":{"line":71,"column":34},"end":{"line":89,"column":1}},"5":{"start":{"line":91,"column":18},"end":{"line":94,"column":2}},"6":{"start":{"line":91,"column":38},"end":{"line":94,"column":1}},"7":{"start":{"line":96,"column":14},"end":{"line":104,"column":2}},"8":{"start":{"line":96,"column":26},"end":{"line":104,"column":1}},"9":{"start":{"line":106,"column":25},"end":{"line":112,"column":2}},"10":{"start":{"line":106,"column":50},"end":{"line":112,"column":1}},"11":{"start":{"line":114,"column":25},"end":{"line":120,"column":2}},"12":{"start":{"line":114,"column":51},"end":{"line":120,"column":1}},"13":{"start":{"line":122,"column":27},"end":{"line":128,"column":2}},"14":{"start":{"line":122,"column":52},"end":{"line":128,"column":1}},"15":{"start":{"line":130,"column":26},"end":{"line":136,"column":2}},"16":{"start":{"line":130,"column":52},"end":{"line":136,"column":1}},"17":{"start":{"line":138,"column":24},"end":{"line":144,"column":2}},"18":{"start":{"line":138,"column":48},"end":{"line":144,"column":1}},"19":{"start":{"line":146,"column":24},"end":{"line":152,"column":2}},"20":{"start":{"line":146,"column":48},"end":{"line":152,"column":1}},"21":{"start":{"line":154,"column":26},"end":{"line":160,"column":2}},"22":{"start":{"line":154,"column":50},"end":{"line":160,"column":1}},"23":{"start":{"line":162,"column":25},"end":{"line":168,"column":2}},"24":{"start":{"line":162,"column":49},"end":{"line":168,"column":1}},"25":{"start":{"line":170,"column":27},"end":{"line":176,"column":2}},"26":{"start":{"line":170,"column":54},"end":{"line":176,"column":1}},"27":{"start":{"line":178,"column":27},"end":{"line":184,"column":2}},"28":{"start":{"line":178,"column":54},"end":{"line":184,"column":1}},"29":{"start":{"line":186,"column":29},"end":{"line":192,"column":2}},"30":{"start":{"line":186,"column":56},"end":{"line":192,"column":1}},"31":{"start":{"line":194,"column":28},"end":{"line":200,"column":2}},"32":{"start":{"line":194,"column":55},"end":{"line":200,"column":1}},"33":{"start":{"line":202,"column":24},"end":{"line":208,"column":2}},"34":{"start":{"line":202,"column":43},"end":{"line":208,"column":1}},"35":{"start":{"line":210,"column":24},"end":{"line":216,"column":2}},"36":{"start":{"line":210,"column":43},"end":{"line":216,"column":1}},"37":{"start":{"line":218,"column":23},"end":{"line":224,"column":2}},"38":{"start":{"line":218,"column":41},"end":{"line":224,"column":1}},"39":{"start":{"line":226,"column":23},"end":{"line":232,"column":2}},"40":{"start":{"line":226,"column":41},"end":{"line":232,"column":1}},"41":{"start":{"line":234,"column":17},"end":{"line":243,"column":2}},"42":{"start":{"line":234,"column":29},"end":{"line":243,"column":1}},"43":{"start":{"line":245,"column":19},"end":{"line":274,"column":2}},"44":{"start":{"line":245,"column":31},"end":{"line":274,"column":1}},"45":{"start":{"line":276,"column":32},"end":{"line":279,"column":2}},"46":{"start":{"line":276,"column":44},"end":{"line":279,"column":1}},"47":{"start":{"line":281,"column":28},"end":{"line":284,"column":2}},"48":{"start":{"line":281,"column":40},"end":{"line":284,"column":1}},"49":{"start":{"line":286,"column":32},"end":{"line":289,"column":2}},"50":{"start":{"line":286,"column":44},"end":{"line":289,"column":1}},"51":{"start":{"line":291,"column":16},"end":{"line":291,"column":34}},"52":{"start":{"line":291,"column":22},"end":{"line":291,"column":34}},"53":{"start":{"line":293,"column":17},"end":{"line":299,"column":2}},"54":{"start":{"line":293,"column":41},"end":{"line":299,"column":1}},"55":{"start":{"line":301,"column":17},"end":{"line":307,"column":2}},"56":{"start":{"line":301,"column":36},"end":{"line":307,"column":1}},"57":{"start":{"line":309,"column":19},"end":{"line":338,"column":1}},"58":{"start":{"line":341,"column":4},"end":{"line":343,"column":5}},"59":{"start":{"line":342,"column":8},"end":{"line":342,"column":45}},"60":{"start":{"line":345,"column":4},"end":{"line":345,"column":17}}},"fnMap":{"0":{"name":"(anonymous_0)","decl":{"start":{"line":66,"column":18},"end":{"line":66,"column":19}},"loc":{"start":{"line":66,"column":38},"end":{"line":69,"column":1}},"line":66},"1":{"name":"(anonymous_1)","decl":{"start":{"line":71,"column":16},"end":{"line":71,"column":17}},"loc":{"start":{"line":71,"column":34},"end":{"line":89,"column":1}},"line":71},"2":{"name":"(anonymous_2)","decl":{"start":{"line":91,"column":18},"end":{"line":91,"column":19}},"loc":{"start":{"line":91,"column":38},"end":{"line":94,"column":1}},"line":91},"3":{"name":"(anonymous_3)","decl":{"start":{"line":96,"column":14},"end":{"line":96,"column":15}},"loc":{"start":{"line":96,"column":26},"end":{"line":104,"column":1}},"line":96},"4":{"name":"(anonymous_4)","decl":{"start":{"line":106,"column":25},"end":{"line":106,"column":26}},"loc":{"start":{"line":106,"column":50},"end":{"line":112,"column":1}},"line":106},"5":{"name":"(anonymous_5)","decl":{"start":{"line":114,"column":25},"end":{"line":114,"column":26}},"loc":{"start":{"line":114,"column":51},"end":{"line":120,"column":1}},"line":114},"6":{"name":"(anonymous_6)","decl":{"start":{"line":122,"column":27},"end":{"line":122,"column":28}},"loc":{"start":{"line":122,"column":52},"end":{"line":128,"column":1}},"line":122},"7":{"name":"(anonymous_7)","decl":{"start":{"line":130,"column":26},"end":{"line":130,"column":27}},"loc":{"start":{"line":130,"column":52},"end":{"line":136,"column":1}},"line":130},"8":{"name":"(anonymous_8)","decl":{"start":{"line":138,"column":24},"end":{"line":138,"column":25}},"loc":{"start":{"line":138,"column":48},"end":{"line":144,"column":1}},"line":138},"9":{"name":"(anonymous_9)","decl":{"start":{"line":146,"column":24},"end":{"line":146,"column":25}},"loc":{"start":{"line":146,"column":48},"end":{"line":152,"column":1}},"line":146},"10":{"name":"(anonymous_10)","decl":{"start":{"line":154,"column":26},"end":{"line":154,"column":27}},"loc":{"start":{"line":154,"column":50},"end":{"line":160,"column":1}},"line":154},"11":{"name":"(anonymous_11)","decl":{"start":{"line":162,"column":25},"end":{"line":162,"column":26}},"loc":{"start":{"line":162,"column":49},"end":{"line":168,"column":1}},"line":162},"12":{"name":"(anonymous_12)","decl":{"start":{"line":170,"column":27},"end":{"line":170,"column":28}},"loc":{"start":{"line":170,"column":54},"end":{"line":176,"column":1}},"line":170},"13":{"name":"(anonymous_13)","decl":{"start":{"line":178,"column":27},"end":{"line":178,"column":28}},"loc":{"start":{"line":178,"column":54},"end":{"line":184,"column":1}},"line":178},"14":{"name":"(anonymous_14)","decl":{"start":{"line":186,"column":29},"end":{"line":186,"column":30}},"loc":{"start":{"line":186,"column":56},"end":{"line":192,"column":1}},"line":186},"15":{"name":"(anonymous_15)","decl":{"start":{"line":194,"column":28},"end":{"line":194,"column":29}},"loc":{"start":{"line":194,"column":55},"end":{"line":200,"column":1}},"line":194},"16":{"name":"(anonymous_16)","decl":{"start":{"line":202,"column":24},"end":{"line":202,"column":25}},"loc":{"start":{"line":202,"column":43},"end":{"line":208,"column":1}},"line":202},"17":{"name":"(anonymous_17)","decl":{"start":{"line":210,"column":24},"end":{"line":210,"column":25}},"loc":{"start":{"line":210,"column":43},"end":{"line":216,"column":1}},"line":210},"18":{"name":"(anonymous_18)","decl":{"start":{"line":218,"column":23},"end":{"line":218,"column":24}},"loc":{"start":{"line":218,"column":41},"end":{"line":224,"column":1}},"line":218},"19":{"name":"(anonymous_19)","decl":{"start":{"line":226,"column":23},"end":{"line":226,"column":24}},"loc":{"start":{"line":226,"column":41},"end":{"line":232,"column":1}},"line":226},"20":{"name":"(anonymous_20)","decl":{"start":{"line":234,"column":17},"end":{"line":234,"column":18}},"loc":{"start":{"line":234,"column":29},"end":{"line":243,"column":1}},"line":234},"21":{"name":"(anonymous_21)","decl":{"start":{"line":245,"column":19},"end":{"line":245,"column":20}},"loc":{"start":{"line":245,"column":31},"end":{"line":274,"column":1}},"line":245},"22":{"name":"(anonymous_22)","decl":{"start":{"line":276,"column":32},"end":{"line":276,"column":33}},"loc":{"start":{"line":276,"column":44},"end":{"line":279,"column":1}},"line":276},"23":{"name":"(anonymous_23)","decl":{"start":{"line":281,"column":28},"end":{"line":281,"column":29}},"loc":{"start":{"line":281,"column":40},"end":{"line":284,"column":1}},"line":281},"24":{"name":"(anonymous_24)","decl":{"start":{"line":286,"column":32},"end":{"line":286,"column":33}},"loc":{"start":{"line":286,"column":44},"end":{"line":289,"column":1}},"line":286},"25":{"name":"(anonymous_25)","decl":{"start":{"line":291,"column":16},"end":{"line":291,"column":17}},"loc":{"start":{"line":291,"column":22},"end":{"line":291,"column":34}},"line":291},"26":{"name":"(anonymous_26)","decl":{"start":{"line":293,"column":17},"end":{"line":293,"column":18}},"loc":{"start":{"line":293,"column":41},"end":{"line":299,"column":1}},"line":293},"27":{"name":"(anonymous_27)","decl":{"start":{"line":301,"column":17},"end":{"line":301,"column":18}},"loc":{"start":{"line":301,"column":36},"end":{"line":307,"column":1}},"line":301},"28":{"name":"(anonymous_28)","decl":{"start":{"line":340,"column":15},"end":{"line":340,"column":16}},"loc":{"start":{"line":340,"column":55},"end":{"line":346,"column":1}},"line":340}},"branchMap":{"0":{"loc":{"start":{"line":340,"column":16},"end":{"line":340,"column":36}},"type":"default-arg","locations":[{"start":{"line":340,"column":24},"end":{"line":340,"column":36}}],"line":340},"1":{"loc":{"start":{"line":341,"column":4},"end":{"line":343,"column":5}},"type":"if","locations":[{"start":{"line":341,"column":4},"end":{"line":343,"column":5}},{"start":{"line":341,"column":4},"end":{"line":343,"column":5}}],"line":341}},"s":{"0":1,"1":1,"2":0,"3":1,"4":0,"5":1,"6":0,"7":1,"8":0,"9":1,"10":0,"11":1,"12":0,"13":1,"14":0,"15":1,"16":0,"17":1,"18":0,"19":1,"20":0,"21":1,"22":0,"23":1,"24":0,"25":1,"26":0,"27":1,"28":0,"29":1,"30":0,"31":1,"32":0,"33":1,"34":0,"35":1,"36":0,"37":1,"38":0,"39":1,"40":0,"41":1,"42":0,"43":1,"44":0,"45":1,"46":0,"47":1,"48":0,"49":1,"50":0,"51":1,"52":0,"53":1,"54":0,"55":1,"56":0,"57":1,"58":2,"59":0,"60":2},"f":{"0":0,"1":0,"2":0,"3":0,"4":0,"5":0,"6":0,"7":0,"8":0,"9":0,"10":0,"11":0,"12":0,"13":0,"14":0,"15":0,"16":0,"17":0,"18":0,"19":0,"20":0,"21":0,"22":0,"23":0,"24":0,"25":0,"26":0,"27":0,"28":2},"b":{"0":[1],"1":[0,2]},"_coverageSchema":"332fd63041d2c1bcb487cc26dd0d5f7d97098a6c","hash":"463348c8b9cd06882d495bee6130d4fd392677ee"}
,"/Users/dominicsherman/github/spades/src/redux/redux-factory.js": {"path":"/Users/dominicsherman/github/spades/src/redux/redux-factory.js","statementMap":{"0":{"start":{"line":7,"column":27},"end":{"line":7,"column":98}},"1":{"start":{"line":7,"column":42},"end":{"line":7,"column":97}},"2":{"start":{"line":9,"column":24},"end":{"line":9,"column":40}},"3":{"start":{"line":9,"column":35},"end":{"line":9,"column":40}},"4":{"start":{"line":11,"column":25},"end":{"line":19,"column":1}},"5":{"start":{"line":11,"column":44},"end":{"line":19,"column":1}},"6":{"start":{"line":13,"column":35},"end":{"line":13,"column":94}},"7":{"start":{"line":15,"column":8},"end":{"line":17,"column":10}}},"fnMap":{"0":{"name":"(anonymous_0)","decl":{"start":{"line":7,"column":27},"end":{"line":7,"column":28}},"loc":{"start":{"line":7,"column":42},"end":{"line":7,"column":97}},"line":7},"1":{"name":"(anonymous_1)","decl":{"start":{"line":9,"column":24},"end":{"line":9,"column":25}},"loc":{"start":{"line":9,"column":35},"end":{"line":9,"column":40}},"line":9},"2":{"name":"(anonymous_2)","decl":{"start":{"line":11,"column":25},"end":{"line":11,"column":26}},"loc":{"start":{"line":11,"column":44},"end":{"line":19,"column":1}},"line":11},"3":{"name":"(anonymous_3)","decl":{"start":{"line":12,"column":4},"end":{"line":12,"column":5}},"loc":{"start":{"line":12,"column":13},"end":{"line":18,"column":5}},"line":12}},"branchMap":{},"s":{"0":1,"1":0,"2":1,"3":0,"4":1,"5":1,"6":0,"7":0},"f":{"0":0,"1":0,"2":1,"3":0},"b":{},"_coverageSchema":"332fd63041d2c1bcb487cc26dd0d5f7d97098a6c","hash":"e9cf44db074495963ae30bdb13c25d0ff95f840b"}
}
