TN:
SF:/Users/dominicsherman/github/spades/index.js
FN:3,(anonymous_1)
FNF:1
FNH:0
FNDA:0,(anonymous_1)
DA:1,0
DA:2,0
DA:3,0
LF:3
LH:0
BRF:0
BRH:0
end_of_record
TN:
SF:/Users/dominicsherman/github/spades/src/App.js
FN:27,(anonymous_0)
FNF:1
FNH:1
FNDA:2,(anonymous_0)
DA:14,1
DA:17,1
DA:22,1
DA:23,1
DA:24,1
DA:28,2
LF:6
LH:6
BRF:0
BRH:0
end_of_record
TN:
SF:/Users/dominicsherman/github/spades/src/Home.js
FN:15,(anonymous_0)
FN:21,(anonymous_1)
FN:33,(anonymous_2)
FNF:3
FNH:0
FNDA:0,(anonymous_0)
FNDA:0,(anonymous_1)
FNDA:0,(anonymous_2)
DA:16,0
DA:17,0
DA:21,0
DA:45,0
DA:46,0
DA:48,0
LF:6
LH:0
BRDA:16,0,0,0
BRDA:16,0,1,0
BRF:2
BRH:0
end_of_record
TN:
SF:/Users/dominicsherman/github/spades/src/components/CurrentBids.js
FN:7,(anonymous_0)
FN:9,(anonymous_1)
FN:20,(anonymous_2)
FN:29,(anonymous_3)
FN:63,(anonymous_4)
FNF:5
FNH:0
FNDA:0,(anonymous_0)
FNDA:0,(anonymous_1)
FNDA:0,(anonymous_2)
FNDA:0,(anonymous_3)
FNDA:0,(anonymous_4)
DA:7,0
DA:18,0
DA:20,0
DA:22,0
DA:23,0
DA:26,0
DA:29,0
DA:68,0
DA:69,0
DA:71,0
LF:10
LH:0
BRDA:7,0,0,0
BRDA:7,0,1,0
BRDA:20,1,0,0
BRDA:20,1,1,0
BRDA:22,2,0,0
BRDA:22,2,1,0
BRDA:83,3,0,0
BRDA:83,3,1,0
BRF:8
BRH:0
end_of_record
TN:
SF:/Users/dominicsherman/github/spades/src/components/CurrentRound.js
FN:8,(anonymous_0)
FN:19,(anonymous_1)
FN:49,(anonymous_2)
FN:58,(anonymous_3)
FN:64,(anonymous_4)
FN:66,(anonymous_5)
FN:74,(anonymous_6)
FN:80,(anonymous_7)
FN:82,(anonymous_8)
FN:94,(anonymous_9)
FN:100,(anonymous_10)
FN:102,(anonymous_11)
FN:110,(anonymous_12)
FN:116,(anonymous_13)
FN:118,(anonymous_14)
FNF:15
FNH:0
FNDA:0,(anonymous_0)
FNDA:0,(anonymous_1)
FNDA:0,(anonymous_2)
FNDA:0,(anonymous_3)
FNDA:0,(anonymous_4)
FNDA:0,(anonymous_5)
FNDA:0,(anonymous_6)
FNDA:0,(anonymous_7)
FNDA:0,(anonymous_8)
FNDA:0,(anonymous_9)
FNDA:0,(anonymous_10)
FNDA:0,(anonymous_11)
FNDA:0,(anonymous_12)
FNDA:0,(anonymous_13)
FNDA:0,(anonymous_14)
DA:9,0
DA:11,0
DA:19,0
DA:50,0
DA:51,0
DA:53,0
DA:58,0
DA:64,0
DA:67,0
DA:74,0
DA:80,0
DA:83,0
DA:94,0
DA:100,0
DA:103,0
DA:110,0
DA:116,0
DA:119,0
LF:18
LH:0
BRF:0
BRH:0
end_of_record
TN:
SF:/Users/dominicsherman/github/spades/src/components/Footer.js
FN:20,(anonymous_0)
FN:81,(anonymous_1)
FNF:2
FNH:0
FNDA:0,(anonymous_0)
FNDA:0,(anonymous_1)
DA:20,0
DA:82,0
DA:83,0
DA:84,0
DA:86,0
LF:5
LH:0
BRDA:83,0,0,0
BRDA:83,0,1,0
BRF:2
BRH:0
end_of_record
TN:
SF:/Users/dominicsherman/github/spades/src/components/Header.js
FN:10,(anonymous_0)
FN:34,(anonymous_1)
FNF:2
FNH:0
FNDA:0,(anonymous_0)
FNDA:0,(anonymous_1)
DA:10,0
DA:35,0
DA:36,0
DA:38,0
LF:4
LH:0
BRF:0
BRH:0
end_of_record
TN:
SF:/Users/dominicsherman/github/spades/src/components/Players.js
FN:16,(anonymous_0)
FN:57,(anonymous_1)
FN:81,(anonymous_2)
FN:90,(anonymous_3)
FN:115,(anonymous_4)
FN:124,(anonymous_5)
FNF:6
FNH:0
FNDA:0,(anonymous_0)
FNDA:0,(anonymous_1)
FNDA:0,(anonymous_2)
FNDA:0,(anonymous_3)
FNDA:0,(anonymous_4)
FNDA:0,(anonymous_5)
DA:16,0
DA:58,0
DA:59,0
DA:61,0
DA:81,0
DA:90,0
DA:115,0
DA:124,0
LF:8
LH:0
BRF:0
BRH:0
end_of_record
TN:
SF:/Users/dominicsherman/github/spades/src/components/RestartButton.js
FN:8,(anonymous_0)
FN:27,(anonymous_1)
FNF:2
FNH:0
FNDA:0,(anonymous_0)
FNDA:0,(anonymous_1)
DA:8,0
DA:28,0
DA:29,0
DA:31,0
LF:4
LH:0
BRF:0
BRH:0
end_of_record
TN:
SF:/Users/dominicsherman/github/spades/src/components/ShowHistoryButton.js
FN:10,(anonymous_0)
FN:42,(anonymous_1)
FNF:2
FNH:0
FNDA:0,(anonymous_0)
FNDA:0,(anonymous_1)
DA:10,0
DA:43,0
DA:44,0
DA:46,0
LF:4
LH:0
BRF:0
BRH:0
end_of_record
TN:
SF:/Users/dominicsherman/github/spades/src/components/SingleRound.js
FN:7,(anonymous_0)
FN:41,(anonymous_1)
FNF:2
FNH:0
FNDA:0,(anonymous_0)
FNDA:0,(anonymous_1)
DA:7,0
DA:48,0
DA:49,0
DA:51,0
LF:4
LH:0
BRDA:53,0,0,0
BRDA:53,0,1,0
BRDA:53,1,0,0
BRDA:53,1,1,0
BRF:4
BRH:0
end_of_record
TN:
SF:/Users/dominicsherman/github/spades/src/components/UndoButton.js
FN:7,(anonymous_0)
FN:34,(anonymous_1)
FN:40,(anonymous_2)
FNF:3
FNH:0
FNDA:0,(anonymous_0)
FNDA:0,(anonymous_1)
FNDA:0,(anonymous_2)
DA:7,0
DA:35,0
DA:36,0
DA:38,0
DA:40,0
LF:5
LH:0
BRF:0
BRH:0
end_of_record
TN:
SF:/Users/dominicsherman/github/spades/src/modals/HistoryModal.js
FN:9,(anonymous_0)
FN:26,(anonymous_1)
FN:52,(anonymous_2)
FN:53,(anonymous_3)
FNF:4
FNH:0
FNDA:0,(anonymous_0)
FNDA:0,(anonymous_1)
FNDA:0,(anonymous_2)
FNDA:0,(anonymous_3)
DA:9,0
DA:27,0
DA:28,0
DA:30,0
DA:52,0
DA:54,0
LF:6
LH:0
BRF:0
BRH:0
end_of_record
TN:
SF:/Users/dominicsherman/github/spades/src/modals/InstructionsModal.js
FN:9,(anonymous_0)
FN:35,(anonymous_1)
FNF:2
FNH:0
FNDA:0,(anonymous_0)
FNDA:0,(anonymous_1)
DA:9,0
DA:36,0
DA:38,0
LF:3
LH:0
BRF:0
BRH:0
end_of_record
TN:
SF:/Users/dominicsherman/github/spades/src/modals/SettingsModal.js
FN:12,(anonymous_0)
FN:78,(anonymous_1)
FN:80,(anonymous_2)
FN:82,(anonymous_3)
FN:109,(anonymous_4)
FN:118,(anonymous_5)
FN:128,(anonymous_6)
FN:138,(anonymous_7)
FN:148,(anonymous_8)
FN:158,(anonymous_9)
FNF:10
FNH:0
FNDA:0,(anonymous_0)
FNDA:0,(anonymous_1)
FNDA:0,(anonymous_2)
FNDA:0,(anonymous_3)
FNDA:0,(anonymous_4)
FNDA:0,(anonymous_5)
FNDA:0,(anonymous_6)
FNDA:0,(anonymous_7)
FNDA:0,(anonymous_8)
FNDA:0,(anonymous_9)
DA:12,0
DA:78,0
DA:80,0
DA:83,0
DA:84,0
DA:86,0
DA:109,0
DA:118,0
DA:128,0
DA:138,0
DA:148,0
DA:158,0
LF:12
LH:0
BRDA:78,0,0,0
BRDA:78,0,1,0
BRDA:80,1,0,0
BRDA:80,1,1,0
BRDA:109,2,0,0
BRDA:109,2,1,0
BRF:6
BRH:0
end_of_record
TN:
SF:/Users/dominicsherman/github/spades/src/redux/action-creators.js
FN:25,(anonymous_0)
FN:31,(anonymous_1)
FN:108,(anonymous_2)
FN:108,(anonymous_3)
FN:137,(anonymous_4)
FN:137,(anonymous_5)
FN:170,(anonymous_6)
FN:170,(anonymous_7)
FN:220,(anonymous_8)
FN:220,(anonymous_9)
FN:230,(anonymous_10)
FN:230,(anonymous_11)
FN:254,(anonymous_12)
FN:254,(anonymous_13)
FN:278,(anonymous_14)
FN:278,(anonymous_15)
FN:284,(anonymous_16)
FN:290,(anonymous_17)
FN:290,(anonymous_18)
FN:310,(anonymous_19)
FN:314,(anonymous_20)
FN:318,(anonymous_21)
FN:322,(anonymous_22)
FN:327,(anonymous_23)
FNF:24
FNH:0
FNDA:0,(anonymous_0)
FNDA:0,(anonymous_1)
FNDA:0,(anonymous_2)
FNDA:0,(anonymous_3)
FNDA:0,(anonymous_4)
FNDA:0,(anonymous_5)
FNDA:0,(anonymous_6)
FNDA:0,(anonymous_7)
FNDA:0,(anonymous_8)
FNDA:0,(anonymous_9)
FNDA:0,(anonymous_10)
FNDA:0,(anonymous_11)
FNDA:0,(anonymous_12)
FNDA:0,(anonymous_13)
FNDA:0,(anonymous_14)
FNDA:0,(anonymous_15)
FNDA:0,(anonymous_16)
FNDA:0,(anonymous_17)
FNDA:0,(anonymous_18)
FNDA:0,(anonymous_19)
FNDA:0,(anonymous_20)
FNDA:0,(anonymous_21)
FNDA:0,(anonymous_22)
FNDA:0,(anonymous_23)
DA:25,1
DA:26,0
DA:27,0
DA:28,0
DA:29,0
DA:31,0
DA:32,0
DA:34,0
DA:35,0
DA:36,0
DA:37,0
DA:38,0
DA:41,0
DA:42,0
DA:43,0
DA:44,0
DA:47,0
DA:48,0
DA:49,0
DA:50,0
DA:53,0
DA:54,0
DA:55,0
DA:56,0
DA:59,0
DA:60,0
DA:61,0
DA:63,0
DA:64,0
DA:67,0
DA:69,0
DA:70,0
DA:74,0
DA:75,0
DA:76,0
DA:78,0
DA:79,0
DA:82,0
DA:84,0
DA:85,0
DA:89,0
DA:90,0
DA:91,0
DA:94,0
DA:95,0
DA:96,0
DA:101,0
DA:108,1
DA:114,0
DA:116,0
DA:121,0
DA:126,0
DA:131,0
DA:137,1
DA:138,0
DA:139,0
DA:141,0
DA:142,0
DA:145,0
DA:146,0
DA:149,0
DA:155,0
DA:160,0
DA:164,0
DA:170,1
DA:171,0
DA:172,0
DA:174,0
DA:175,0
DA:177,0
DA:202,0
DA:204,0
DA:209,0
DA:213,0
DA:220,1
DA:221,0
DA:223,0
DA:224,0
DA:226,0
DA:230,1
DA:231,0
DA:232,0
DA:236,0
DA:237,0
DA:241,0
DA:242,0
DA:246,0
DA:247,0
DA:254,1
DA:255,0
DA:256,0
DA:260,0
DA:261,0
DA:265,0
DA:266,0
DA:270,0
DA:271,0
DA:278,1
DA:284,0
DA:290,1
DA:291,0
DA:293,0
DA:294,0
DA:295,0
DA:296,0
DA:301,0
DA:302,0
DA:310,1
DA:314,1
DA:318,1
DA:322,1
DA:327,1
LF:112
LH:14
BRDA:34,0,0,0
BRDA:34,0,1,0
BRDA:34,1,0,0
BRDA:34,1,1,0
BRDA:35,2,0,0
BRDA:35,2,1,0
BRDA:35,3,0,0
BRDA:35,3,1,0
BRDA:35,3,2,0
BRDA:35,3,3,0
BRDA:37,4,0,0
BRDA:37,4,1,0
BRDA:37,5,0,0
BRDA:37,5,1,0
BRDA:37,5,2,0
BRDA:37,5,3,0
BRDA:41,6,0,0
BRDA:41,6,1,0
BRDA:41,7,0,0
BRDA:41,7,1,0
BRDA:41,7,2,0
BRDA:41,7,3,0
BRDA:43,8,0,0
BRDA:43,8,1,0
BRDA:43,9,0,0
BRDA:43,9,1,0
BRDA:43,9,2,0
BRDA:43,9,3,0
BRDA:47,10,0,0
BRDA:47,10,1,0
BRDA:47,11,0,0
BRDA:47,11,1,0
BRDA:47,11,2,0
BRDA:47,11,3,0
BRDA:49,12,0,0
BRDA:49,12,1,0
BRDA:49,13,0,0
BRDA:49,13,1,0
BRDA:49,13,2,0
BRDA:49,13,3,0
BRDA:53,14,0,0
BRDA:53,14,1,0
BRDA:53,15,0,0
BRDA:53,15,1,0
BRDA:53,15,2,0
BRDA:53,15,3,0
BRDA:55,16,0,0
BRDA:55,16,1,0
BRDA:55,17,0,0
BRDA:55,17,1,0
BRDA:55,17,2,0
BRDA:55,17,3,0
BRDA:59,18,0,0
BRDA:59,18,1,0
BRDA:63,19,0,0
BRDA:63,19,1,0
BRDA:63,20,0,0
BRDA:63,20,1,0
BRDA:69,21,0,0
BRDA:69,21,1,0
BRDA:74,22,0,0
BRDA:74,22,1,0
BRDA:78,23,0,0
BRDA:78,23,1,0
BRDA:78,24,0,0
BRDA:78,24,1,0
BRDA:84,25,0,0
BRDA:84,25,1,0
BRDA:89,26,0,0
BRDA:89,26,1,0
BRDA:94,27,0,0
BRDA:94,27,1,0
BRDA:141,28,0,0
BRDA:141,28,1,0
BRDA:141,29,0,0
BRDA:141,29,1,0
BRDA:145,30,0,0
BRDA:145,30,1,0
BRDA:145,31,0,0
BRDA:145,31,1,0
BRDA:174,32,0,0
BRDA:174,32,1,0
BRDA:223,33,0,0
BRDA:223,33,1,0
BRDA:231,34,0,0
BRDA:231,34,1,0
BRDA:236,35,0,0
BRDA:236,35,1,0
BRDA:241,36,0,0
BRDA:241,36,1,0
BRDA:246,37,0,0
BRDA:246,37,1,0
BRDA:255,38,0,0
BRDA:255,38,1,0
BRDA:260,39,0,0
BRDA:260,39,1,0
BRDA:265,40,0,0
BRDA:265,40,1,0
BRDA:270,41,0,0
BRDA:270,41,1,0
BRDA:293,42,0,0
BRDA:293,42,1,0
BRDA:294,43,0,0
BRDA:294,43,1,0
BRF:104
BRH:0
end_of_record
TN:
SF:/Users/dominicsherman/github/spades/src/redux/action-types.js
FNF:0
FNH:0
DA:1,1
DA:2,1
DA:3,1
DA:4,1
DA:5,1
DA:6,1
DA:7,1
DA:8,1
DA:9,1
DA:10,1
DA:11,1
DA:12,1
DA:13,1
DA:14,1
DA:15,1
DA:16,1
DA:17,1
DA:18,1
DA:19,1
DA:20,1
DA:21,1
DA:22,1
DA:23,1
DA:24,1
DA:25,1
DA:26,1
DA:27,1
DA:28,1
LF:28
LH:28
BRF:0
BRH:0
end_of_record
TN:
SF:/Users/dominicsherman/github/spades/src/redux/reducer.js
FN:66,(anonymous_0)
FN:71,(anonymous_1)
FN:91,(anonymous_2)
FN:96,(anonymous_3)
FN:106,(anonymous_4)
FN:114,(anonymous_5)
FN:122,(anonymous_6)
FN:130,(anonymous_7)
FN:138,(anonymous_8)
FN:146,(anonymous_9)
FN:154,(anonymous_10)
FN:162,(anonymous_11)
FN:170,(anonymous_12)
FN:178,(anonymous_13)
FN:186,(anonymous_14)
FN:194,(anonymous_15)
FN:202,(anonymous_16)
FN:210,(anonymous_17)
FN:218,(anonymous_18)
FN:226,(anonymous_19)
FN:234,(anonymous_20)
FN:245,(anonymous_21)
FN:276,(anonymous_22)
FN:281,(anonymous_23)
FN:286,(anonymous_24)
FN:291,(anonymous_25)
FN:293,(anonymous_26)
FN:301,(anonymous_27)
FN:340,(anonymous_28)
FNF:29
FNH:1
FNDA:0,(anonymous_0)
FNDA:0,(anonymous_1)
FNDA:0,(anonymous_2)
FNDA:0,(anonymous_3)
FNDA:0,(anonymous_4)
FNDA:0,(anonymous_5)
FNDA:0,(anonymous_6)
FNDA:0,(anonymous_7)
FNDA:0,(anonymous_8)
FNDA:0,(anonymous_9)
FNDA:0,(anonymous_10)
FNDA:0,(anonymous_11)
FNDA:0,(anonymous_12)
FNDA:0,(anonymous_13)
FNDA:0,(anonymous_14)
FNDA:0,(anonymous_15)
FNDA:0,(anonymous_16)
FNDA:0,(anonymous_17)
FNDA:0,(anonymous_18)
FNDA:0,(anonymous_19)
FNDA:0,(anonymous_20)
FNDA:0,(anonymous_21)
FNDA:0,(anonymous_22)
FNDA:0,(anonymous_23)
FNDA:0,(anonymous_24)
FNDA:0,(anonymous_25)
FNDA:0,(anonymous_26)
FNDA:0,(anonymous_27)
FNDA:2,(anonymous_28)
DA:34,1
DA:66,1
DA:71,1
DA:91,1
DA:96,1
DA:106,1
DA:114,1
DA:122,1
DA:130,1
DA:138,1
DA:146,1
DA:154,1
DA:162,1
DA:170,1
DA:178,1
DA:186,1
DA:194,1
DA:202,1
DA:210,1
DA:218,1
DA:226,1
DA:234,1
DA:245,1
DA:276,1
DA:281,1
DA:286,1
DA:291,1
DA:293,1
DA:301,1
DA:309,1
DA:341,2
DA:342,0
DA:345,2
LF:33
LH:32
BRDA:340,0,0,1
BRDA:341,1,0,0
BRDA:341,1,1,2
BRF:3
BRH:2
end_of_record
TN:
SF:/Users/dominicsherman/github/spades/src/redux/redux-factory.js
FN:7,(anonymous_0)
FN:9,(anonymous_1)
FN:11,(anonymous_2)
FN:12,(anonymous_3)
FNF:4
FNH:1
FNDA:0,(anonymous_0)
FNDA:0,(anonymous_1)
FNDA:1,(anonymous_2)
FNDA:0,(anonymous_3)
DA:7,1
DA:9,1
DA:11,1
DA:13,0
DA:15,0
LF:5
LH:3
BRF:0
BRH:0
end_of_record
